c:\users\admini~1\appdata\local\temp\2\99446tempfile2
c:\users\admini~1\appdata\local\temp\2\6528219mic.o
c:\users\admini~1\appdata\local\temp\2\99286tempfile2
c:\users\admini~1\appdata\local\temp\2\9932113mic.o
c:\users\admini~1\appdata\local\temp\2\97766tempfile2
c:\users\admini~1\appdata\local\temp\2\2676113mic.o
c:\users\admini~1\appdata\local\temp\2\93286tempfile2
c:\users\admini~1\appdata\local\temp\2\6088113mic.o
c:\users\admini~1\appdata\local\temp\2\79286tempfile2
c:\users\admini~1\appdata\local\temp\2\4476113mic.o
c:\users\admini~1\appdata\local\temp\2\99926tempfile2
c:\users\admini~1\appdata\local\temp\2\9304219mic.o
c:\users\admini~1\appdata\local\temp\2\100166tempfile2
c:\users\admini~1\appdata\local\temp\2\9552219mic.o
c:\users\admini~1\appdata\local\temp\2\84526tempfile2
c:\users\admini~1\appdata\local\temp\2\8924113mic.o
c:\users\admini~1\appdata\local\temp\2\96646tempfile2
c:\users\admini~1\appdata\local\temp\2\11100113mic.o
c:\users\admini~1\appdata\local\temp\2\99006tempfile2
c:\users\admini~1\appdata\local\temp\2\3644113mic.o
c:\users\admini~1\appdata\local\temp\2\83646tempfile2
c:\users\admini~1\appdata\local\temp\2\3652113mic.o
c:\users\admini~1\appdata\local\temp\2\109086tempfile2
c:\users\admini~1\appdata\local\temp\2\11076113mic.o
c:\users\admini~1\appdata\local\temp\2\96886tempfile2
c:\users\admini~1\appdata\local\temp\2\11000113mic.o
c:\users\admini~1\appdata\local\temp\2\1726tempfile2
c:\users\admini~1\appdata\local\temp\2\9320113mic.o
c:\users\admini~1\appdata\local\temp\2\109046tempfile2
c:\users\admini~1\appdata\local\temp\2\10620113mic.o
c:\users\admini~1\appdata\local\temp\2\108366tempfile2
c:\users\admini~1\appdata\local\temp\2\9152219mic.o
c:\users\admini~1\appdata\local\temp\2\29806tempfile2
c:\users\admini~1\appdata\local\temp\2\1948219mic.o
c:\users\admini~1\appdata\local\temp\2\94406tempfile2
c:\users\admini~1\appdata\local\temp\2\3268113mic.o
c:\users\admini~1\appdata\local\temp\2\31006tempfile2
c:\users\admini~1\appdata\local\temp\2\7604113mic.o
c:\users\admini~1\appdata\local\temp\2\95246tempfile2
c:\users\admini~1\appdata\local\temp\2\9860113mic.o
c:\users\admini~1\appdata\local\temp\2\326tempfile2
c:\users\admini~1\appdata\local\temp\2\7896113mic.o
c:\users\admini~1\appdata\local\temp\2\20286tempfile2
c:\users\admini~1\appdata\local\temp\2\9356219mic.o
c:\users\admini~1\appdata\local\temp\2\63566tempfile2
c:\users\admini~1\appdata\local\temp\2\42882912mic.o
c:\users\admini~1\appdata\local\temp\2\28326tempfile2
c:\users\admini~1\appdata\local\temp\2\101242912mic.o
c:\users\admini~1\appdata\local\temp\2\55366tempfile2
c:\users\admini~1\appdata\local\temp\2\9076113mic.o
c:\users\admini~1\appdata\local\temp\2\89606tempfile2
c:\users\admini~1\appdata\local\temp\2\7092113mic.o
c:\users\admini~1\appdata\local\temp\2\108006tempfile2
c:\users\admini~1\appdata\local\temp\2\106722912mic.o
c:\users\admini~1\appdata\local\temp\2\90246tempfile2
c:\users\admini~1\appdata\local\temp\2\73242912mic.o
c:\users\admini~1\appdata\local\temp\2\65926tempfile2
c:\users\admini~1\appdata\local\temp\2\1084219mic.o
c:\users\admini~1\appdata\local\temp\2\65086tempfile2
c:\users\admini~1\appdata\local\temp\2\31722912mic.o
c:\users\admini~1\appdata\local\temp\2\108846tempfile2
c:\users\admini~1\appdata\local\temp\2\94922912mic.o
c:\users\admini~1\appdata\local\temp\2\75566tempfile2
c:\users\admini~1\appdata\local\temp\2\91962912mic.o
c:\users\admini~1\appdata\local\temp\2\110762912mic.o
c:\users\admini~1\appdata\local\temp\2\93046tempfile2
c:\users\admini~1\appdata\local\temp\2\59562912mic.o
c:\users\admini~1\appdata\local\temp\2\93646tempfile2
c:\users\admini~1\appdata\local\temp\2\5960113mic.o
c:\users\admini~1\appdata\local\temp\2\94926tempfile2
c:\users\admini~1\appdata\local\temp\2\10224113mic.o
c:\users\admini~1\appdata\local\temp\2\43206tempfile2
c:\users\admini~1\appdata\local\temp\2\25762912mic.o
c:\users\admini~1\appdata\local\temp\2\71406tempfile2
c:\users\admini~1\appdata\local\temp\2\58362912mic.o
c:\users\admini~1\appdata\local\temp\2\92646tempfile2
c:\users\admini~1\appdata\local\temp\2\10296219mic.o
c:\users\admini~1\appdata\local\temp\2\43606tempfile2
c:\users\admini~1\appdata\local\temp\2\10512113mic.o
c:\users\admini~1\appdata\local\temp\2\104206tempfile2
c:\users\admini~1\appdata\local\temp\2\3028113mic.o
c:\users\admini~1\appdata\local\temp\2\87366tempfile2
c:\users\admini~1\appdata\local\temp\2\10228113mic.o
c:\users\admini~1\appdata\local\temp\2\79326tempfile2
c:\users\admini~1\appdata\local\temp\2\111002912mic.o
c:\users\admini~1\appdata\local\temp\2\101886tempfile2
c:\users\admini~1\appdata\local\temp\2\78642912mic.o
c:\users\admini~1\appdata\local\temp\2\103326tempfile2
c:\users\admini~1\appdata\local\temp\2\11240113mic.o
c:\users\admini~1\appdata\local\temp\2\111846tempfile2
c:\users\admini~1\appdata\local\temp\2\64962912mic.o
c:\users\admini~1\appdata\local\temp\2\16846tempfile2
c:\users\admini~1\appdata\local\temp\2\5264113mic.o
c:\users\admini~1\appdata\local\temp\2\88566tempfile2
c:\users\admini~1\appdata\local\temp\2\96402912mic.o
c:\users\admini~1\appdata\local\temp\2\66926tempfile2
c:\users\admini~1\appdata\local\temp\2\109202912mic.o
c:\users\admini~1\appdata\local\temp\2\104406tempfile2
c:\users\admini~1\appdata\local\temp\2\93842912mic.o
c:\users\admini~1\appdata\local\temp\2\110446tempfile2
c:\users\admini~1\appdata\local\temp\2\9644219mic.o
c:\users\admini~1\appdata\local\temp\2\38846tempfile2
c:\users\admini~1\appdata\local\temp\2\5572113mic.o
c:\users\admini~1\appdata\local\temp\2\84446tempfile2
c:\users\admini~1\appdata\local\temp\2\9264113mic.o
c:\users\admini~1\appdata\local\temp\2\27486tempfile2
c:\users\admini~1\appdata\local\temp\2\83762912mic.o
c:\users\admini~1\appdata\local\temp\2\100846tempfile2
c:\users\admini~1\appdata\local\temp\2\31723013mic.o
c:\users\admini~1\appdata\local\temp\2\101126tempfile2
c:\users\admini~1\appdata\local\temp\2\42883013mic.o
c:\users\admini~1\appdata\local\temp\2\101446tempfile2
c:\users\admini~1\appdata\local\temp\2\101243013mic.o
c:\users\admini~1\appdata\local\temp\2\102286tempfile2
c:\users\admini~1\appdata\local\temp\2\93562210mic.o
c:\users\admini~1\appdata\local\temp\2\102326tempfile2
c:\users\admini~1\appdata\local\temp\2\110763013mic.o
c:\users\admini~1\appdata\local\temp\2\102926tempfile2
c:\users\admini~1\appdata\local\temp\2\111003013mic.o
c:\users\admini~1\appdata\local\temp\2\103086tempfile2
c:\users\admini~1\appdata\local\temp\2\111003114mic.o
c:\users\admini~1\appdata\local\temp\2\103486tempfile2
c:\users\admini~1\appdata\local\temp\2\64963114mic.o
c:\users\admini~1\appdata\local\temp\2\103726tempfile2
c:\users\admini~1\appdata\local\temp\2\73243013mic.o
c:\users\admini~1\appdata\local\temp\2\102962210mic.o
c:\users\admini~1\appdata\local\temp\2\105046tempfile2
c:\users\admini~1\appdata\local\temp\2\96403114mic.o
c:\users\admini~1\appdata\local\temp\2\105686tempfile2
c:\users\admini~1\appdata\local\temp\2\106723013mic.o
c:\users\admini~1\appdata\local\temp\2\107966tempfile2
c:\users\admini~1\appdata\local\temp\2\42883114mic.o
c:\users\admini~1\appdata\local\temp\2\108966tempfile2
c:\users\admini~1\appdata\local\temp\2\95522210mic.o
c:\users\admini~1\appdata\local\temp\2\112446tempfile2
c:\users\admini~1\appdata\local\temp\2\10842210mic.o
c:\users\admini~1\appdata\local\temp\2\12326tempfile2
c:\users\admini~1\appdata\local\temp\2\59563114mic.o
c:\users\admini~1\appdata\local\temp\2\27206tempfile2
c:\users\admini~1\appdata\local\temp\2\91963013mic.o
c:\users\admini~1\appdata\local\temp\2\58363114mic.o
c:\users\admini~1\appdata\local\temp\2\31806tempfile2
c:\users\admini~1\appdata\local\temp\2\25763114mic.o
c:\users\admini~1\appdata\local\temp\2\39766tempfile2
c:\users\admini~1\appdata\local\temp\2\25763013mic.o
c:\users\admini~1\appdata\local\temp\2\41446tempfile2
c:\users\admini~1\appdata\local\temp\2\91963114mic.o
c:\users\admini~1\appdata\local\temp\2\42406tempfile2
c:\users\admini~1\appdata\local\temp\2\101243114mic.o
c:\users\admini~1\appdata\local\temp\2\43566tempfile2
c:\users\admini~1\appdata\local\temp\2\31723114mic.o
c:\users\admini~1\appdata\local\temp\2\47686tempfile2
c:\users\admini~1\appdata\local\temp\2\106723114mic.o
c:\users\admini~1\appdata\local\temp\2\50006tempfile2
c:\users\admini~1\appdata\local\temp\2\83763114mic.o
c:\users\admini~1\appdata\local\temp\2\76326tempfile2
c:\users\admini~1\appdata\local\temp\2\109203013mic.o
c:\users\admini~1\appdata\local\temp\2\76726tempfile2
c:\users\admini~1\appdata\local\temp\2\64963013mic.o
c:\users\admini~1\appdata\local\temp\2\82766tempfile2
c:\users\admini~1\appdata\local\temp\2\93843013mic.o
c:\users\admini~1\appdata\local\temp\2\82846tempfile2
c:\users\admini~1\appdata\local\temp\2\93843114mic.o
c:\users\admini~1\appdata\local\temp\2\84766tempfile2
c:\users\admini~1\appdata\local\temp\2\59563013mic.o
c:\users\admini~1\appdata\local\temp\2\85086tempfile2
c:\users\admini~1\appdata\local\temp\2\73243114mic.o
c:\users\admini~1\appdata\local\temp\2\85246tempfile2
c:\users\admini~1\appdata\local\temp\2\58363013mic.o
c:\users\admini~1\appdata\local\temp\2\86126tempfile2
c:\users\admini~1\appdata\local\temp\2\110763114mic.o
c:\users\admini~1\appdata\local\temp\2\87126tempfile2
c:\users\admini~1\appdata\local\temp\2\91522210mic.o
c:\users\admini~1\appdata\local\temp\2\87166tempfile2
c:\users\admini~1\appdata\local\temp\2\93042210mic.o
c:\users\admini~1\appdata\local\temp\2\89886tempfile2
c:\users\admini~1\appdata\local\temp\2\83763013mic.o
c:\users\admini~1\appdata\local\temp\2\90406tempfile2
c:\users\admini~1\appdata\local\temp\2\96403013mic.o
c:\users\admini~1\appdata\local\temp\2\90846tempfile2
c:\users\admini~1\appdata\local\temp\2\19482210mic.o
c:\users\admini~1\appdata\local\temp\2\91966tempfile2
c:\users\admini~1\appdata\local\temp\2\65282210mic.o
c:\users\admini~1\appdata\local\temp\2\92326tempfile2
c:\users\admini~1\appdata\local\temp\2\94923013mic.o
c:\users\admini~1\appdata\local\temp\2\96286tempfile2
c:\users\admini~1\appdata\local\temp\2\94923114mic.o
c:\users\admini~1\appdata\local\temp\2\97326tempfile2
c:\users\admini~1\appdata\local\temp\2\109203114mic.o
c:\users\admini~1\appdata\local\temp\2\97966tempfile2
c:\users\admini~1\appdata\local\temp\2\78643114mic.o
c:\users\admini~1\appdata\local\temp\2\98926tempfile2
c:\users\admini~1\appdata\local\temp\2\78643013mic.o
c:\users\admini~1\appdata\local\temp\2\99166tempfile2
c:\users\admini~1\appdata\local\temp\2\96442210mic.o
c:\users\administrator\desktop\phi x100\programming\programming\mandelbrot\x64\release\mandelbrot\utils.obj
c:\users\administrator\desktop\phi x100\programming\programming\mandelbrot\x64\release\mandelbrot\main.obj
c:\users\administrator\desktop\phi x100\programming\programming\mandelbrot\x64\release\mandelbrot\mandelbrot.obj
c:\users\admini~1\appdata\local\temp\2\22403123mic.out
c:\users\admini~1\appdata\local\temp\2\81363123mic.out
c:\users\admini~1\appdata\local\temp\2\58483123mic.out
c:\users\admini~1\appdata\local\temp\2\20723224mic.out
c:\users\admini~1\appdata\local\temp\2\83403224mic.out
c:\users\admini~1\appdata\local\temp\2\11563224mic.out
c:\users\admini~1\appdata\local\temp\2\66923224mic.out
c:\users\admini~1\appdata\local\temp\2\92003224mic.out
c:\users\admini~1\appdata\local\temp\2\107923224mic.out
c:\users\admini~1\appdata\local\temp\2\105083224mic.out
c:\users\admini~1\appdata\local\temp\2\87723224mic.out
c:\users\admini~1\appdata\local\temp\2\107723224mic.out
c:\users\admini~1\appdata\local\temp\2\100443123mic.out
c:\users\admini~1\appdata\local\temp\2\47403224mic.out
c:\users\admini~1\appdata\local\temp\2\74683224mic.out
c:\users\admini~1\appdata\local\temp\2\87683224mic.out
c:\users\admini~1\appdata\local\temp\2\10523224mic.out
c:\users\admini~1\appdata\local\temp\2\55923224mic.out
c:\users\admini~1\appdata\local\temp\2\97323224mic.out
c:\users\admini~1\appdata\local\temp\2\6403224mic.out
c:\users\admini~1\appdata\local\temp\2\111723224mic.out
c:\users\admini~1\appdata\local\temp\2\102083224mic.out
c:\users\admini~1\appdata\local\temp\2\2563123mic.out
c:\users\admini~1\appdata\local\temp\2\109163224mic.out
c:\users\admini~1\appdata\local\temp\2\100523224mic.out
c:\users\admini~1\appdata\local\temp\2\80283123mic.out
c:\users\admini~1\appdata\local\temp\2\106963123mic.out
c:\users\admini~1\appdata\local\temp\2\14443224mic.out
c:\users\admini~1\appdata\local\temp\2\89843123mic.out
c:\users\admini~1\appdata\local\temp\2\107523224mic.out
c:\users\admini~1\appdata\local\temp\2\108043224mic.out
c:\users\admini~1\appdata\local\temp\2\67363224mic.out
c:\users\admini~1\appdata\local\temp\2\96883224mic.out
c:\users\admini~1\appdata\local\temp\2\87563224mic.out
c:\users\admini~1\appdata\local\temp\2\25563224mic.out
c:\users\admini~1\appdata\local\temp\2\100763224mic.out
c:\users\admini~1\appdata\local\temp\2\58363123mic.out
c:\users\admini~1\appdata\local\temp\2\104763123mic.out
c:\users\admini~1\appdata\local\temp\2\87363224mic.out
c:\users\admini~1\appdata\local\temp\2\88323123mic.out
c:\users\admini~1\appdata\local\temp\2\67683224mic.out
c:\users\admini~1\appdata\local\temp\2\42643123mic.out
c:\users\admini~1\appdata\local\temp\2\15963123mic.out
c:\users\admini~1\appdata\local\temp\2\43323224mic.out
c:\users\admini~1\appdata\local\temp\2\101403224mic.out
c:\users\admini~1\appdata\local\temp\2\49883224mic.out
c:\users\admini~1\appdata\local\temp\2\94803224mic.out
c:\users\admini~1\appdata\local\temp\2\103043224mic.out
c:\users\admini~1\appdata\local\temp\2\96203224mic.out
c:\users\admini~1\appdata\local\temp\2\63123224mic.out
c:\users\admini~1\appdata\local\temp\2\108843224mic.out
c:\users\admini~1\appdata\local\temp\2\92363224mic.out
c:\users\admini~1\appdata\local\temp\2\87443224mic.out
c:\users\admini~1\appdata\local\temp\2\20886alis3
c:\users\admini~1\appdata\local\temp\2\20887elis4
c:\users\admini~1\appdata\local\temp\2\208817tempfile2
c:\users\admini~1\appdata\local\temp\2\20889llis6
c:\users\admini~1\appdata\local\temp\2\ipo_20884.o
c:\users\admini~1\appdata\local\temp\2\65006alis3
c:\users\admini~1\appdata\local\temp\2\65007elis4
c:\users\admini~1\appdata\local\temp\2\650017tempfile2
c:\users\admini~1\appdata\local\temp\2\65009llis6
c:\users\admini~1\appdata\local\temp\2\ipo_65004.o
c:\users\admini~1\appdata\local\temp\2\107366alis3
c:\users\admini~1\appdata\local\temp\2\107367elis4
c:\users\admini~1\appdata\local\temp\2\1073617tempfile2
c:\users\admini~1\appdata\local\temp\2\107369llis6
c:\users\admini~1\appdata\local\temp\2\ipo_107364.o
c:\users\admini~1\appdata\local\temp\2\14726alis3
c:\users\admini~1\appdata\local\temp\2\14727elis4
c:\users\admini~1\appdata\local\temp\2\147217tempfile2
c:\users\admini~1\appdata\local\temp\2\14729llis6
c:\users\admini~1\appdata\local\temp\2\ipo_14724.o
c:\users\admini~1\appdata\local\temp\2\97886alis3
c:\users\admini~1\appdata\local\temp\2\97887elis4
c:\users\admini~1\appdata\local\temp\2\978817tempfile2
c:\users\admini~1\appdata\local\temp\2\97889llis6
c:\users\admini~1\appdata\local\temp\2\ipo_97884.o
c:\users\admini~1\appdata\local\temp\2\86646alis3
c:\users\admini~1\appdata\local\temp\2\86647elis4
c:\users\admini~1\appdata\local\temp\2\866417tempfile2
c:\users\admini~1\appdata\local\temp\2\86649llis6
c:\users\admini~1\appdata\local\temp\2\ipo_86644.o
c:\users\admini~1\appdata\local\temp\2\72766alis3
c:\users\admini~1\appdata\local\temp\2\72767elis4
c:\users\admini~1\appdata\local\temp\2\727617tempfile2
c:\users\admini~1\appdata\local\temp\2\72769llis6
c:\users\admini~1\appdata\local\temp\2\ipo_72764.o
c:\users\admini~1\appdata\local\temp\2\88526alis3
c:\users\admini~1\appdata\local\temp\2\88527elis4
c:\users\admini~1\appdata\local\temp\2\885217tempfile2
c:\users\admini~1\appdata\local\temp\2\88529llis6
c:\users\admini~1\appdata\local\temp\2\ipo_88524.o
c:\users\admini~1\appdata\local\temp\2\107166alis3
c:\users\admini~1\appdata\local\temp\2\107167elis4
c:\users\admini~1\appdata\local\temp\2\1071617tempfile2
c:\users\admini~1\appdata\local\temp\2\107169llis6
c:\users\admini~1\appdata\local\temp\2\ipo_107164.o
c:\users\admini~1\appdata\local\temp\2\109046alis3
c:\users\admini~1\appdata\local\temp\2\109047elis4
c:\users\admini~1\appdata\local\temp\2\1090417tempfile2
c:\users\admini~1\appdata\local\temp\2\109049llis6
c:\users\admini~1\appdata\local\temp\2\ipo_109044.o
c:\users\admini~1\appdata\local\temp\2\100166alis3
c:\users\admini~1\appdata\local\temp\2\100167elis4
c:\users\admini~1\appdata\local\temp\2\1001617tempfile2
c:\users\admini~1\appdata\local\temp\2\100169llis6
c:\users\admini~1\appdata\local\temp\2\ipo_100164.o
c:\users\admini~1\appdata\local\temp\2\78646alis3
c:\users\admini~1\appdata\local\temp\2\78647elis4
c:\users\admini~1\appdata\local\temp\2\786417tempfile2
c:\users\admini~1\appdata\local\temp\2\78649llis6
c:\users\admini~1\appdata\local\temp\2\ipo_78644.o
c:\users\admini~1\appdata\local\temp\2\98326alis3
c:\users\admini~1\appdata\local\temp\2\98327elis4
c:\users\admini~1\appdata\local\temp\2\983217tempfile2
c:\users\admini~1\appdata\local\temp\2\98329llis6
c:\users\admini~1\appdata\local\temp\2\ipo_98324.o
c:\users\admini~1\appdata\local\temp\2\71126alis3
c:\users\admini~1\appdata\local\temp\2\71127elis4
c:\users\admini~1\appdata\local\temp\2\711217tempfile2
c:\users\admini~1\appdata\local\temp\2\71129llis6
c:\users\admini~1\appdata\local\temp\2\ipo_71124.o
c:\users\admini~1\appdata\local\temp\2\90726alis3
c:\users\admini~1\appdata\local\temp\2\90727elis4
c:\users\admini~1\appdata\local\temp\2\907217tempfile2
c:\users\admini~1\appdata\local\temp\2\90729llis6
c:\users\admini~1\appdata\local\temp\2\ipo_90724.o
c:\users\admini~1\appdata\local\temp\2\95966alis3
c:\users\admini~1\appdata\local\temp\2\95967elis4
c:\users\admini~1\appdata\local\temp\2\959617tempfile2
c:\users\admini~1\appdata\local\temp\2\95969llis6
c:\users\admini~1\appdata\local\temp\2\ipo_95964.o
c:\users\admini~1\appdata\local\temp\2\103726alis3
c:\users\admini~1\appdata\local\temp\2\103727elis4
c:\users\admini~1\appdata\local\temp\2\1037217tempfile2
c:\users\admini~1\appdata\local\temp\2\103729llis6
c:\users\admini~1\appdata\local\temp\2\ipo_103724.o
c:\users\admini~1\appdata\local\temp\2\100886alis3
c:\users\admini~1\appdata\local\temp\2\100887elis4
c:\users\admini~1\appdata\local\temp\2\1008817tempfile2
c:\users\admini~1\appdata\local\temp\2\100889llis6
c:\users\admini~1\appdata\local\temp\2\ipo_100884.o
c:\users\admini~1\appdata\local\temp\2\26766alis3
c:\users\admini~1\appdata\local\temp\2\26767elis4
c:\users\admini~1\appdata\local\temp\2\267617tempfile2
c:\users\admini~1\appdata\local\temp\2\26769llis6
c:\users\admini~1\appdata\local\temp\2\ipo_26764.o
c:\users\admini~1\appdata\local\temp\2\66966alis3
c:\users\admini~1\appdata\local\temp\2\66967elis4
c:\users\admini~1\appdata\local\temp\2\669617tempfile2
c:\users\admini~1\appdata\local\temp\2\66969llis6
c:\users\admini~1\appdata\local\temp\2\ipo_66964.o
c:\users\admini~1\appdata\local\temp\2\110526alis3
c:\users\admini~1\appdata\local\temp\2\110527elis4
c:\users\admini~1\appdata\local\temp\2\1105217tempfile2
c:\users\admini~1\appdata\local\temp\2\110529llis6
c:\users\admini~1\appdata\local\temp\2\ipo_110524.o
c:\users\admini~1\appdata\local\temp\2\112366alis3
c:\users\admini~1\appdata\local\temp\2\112367elis4
c:\users\admini~1\appdata\local\temp\2\1123617tempfile2
c:\users\admini~1\appdata\local\temp\2\112369llis6
c:\users\admini~1\appdata\local\temp\2\ipo_112364.o
c:\users\admini~1\appdata\local\temp\2\58446alis3
c:\users\admini~1\appdata\local\temp\2\58447elis4
c:\users\admini~1\appdata\local\temp\2\584417tempfile2
c:\users\admini~1\appdata\local\temp\2\58449llis6
c:\users\admini~1\appdata\local\temp\2\ipo_58444.o
c:\users\admini~1\appdata\local\temp\2\47286alis3
c:\users\admini~1\appdata\local\temp\2\47287elis4
c:\users\admini~1\appdata\local\temp\2\472817tempfile2
c:\users\admini~1\appdata\local\temp\2\47289llis6
c:\users\admini~1\appdata\local\temp\2\ipo_47284.o
c:\users\admini~1\appdata\local\temp\2\62566alis3
c:\users\admini~1\appdata\local\temp\2\62567elis4
c:\users\admini~1\appdata\local\temp\2\625617tempfile2
c:\users\admini~1\appdata\local\temp\2\62569llis6
c:\users\admini~1\appdata\local\temp\2\ipo_62564.o
c:\users\admini~1\appdata\local\temp\2\98486alis3
c:\users\admini~1\appdata\local\temp\2\98487elis4
c:\users\admini~1\appdata\local\temp\2\984817tempfile2
c:\users\admini~1\appdata\local\temp\2\98489llis6
c:\users\admini~1\appdata\local\temp\2\ipo_98484.o
c:\users\admini~1\appdata\local\temp\2\94006alis3
c:\users\admini~1\appdata\local\temp\2\94007elis4
c:\users\admini~1\appdata\local\temp\2\940017tempfile2
c:\users\admini~1\appdata\local\temp\2\94009llis6
c:\users\admini~1\appdata\local\temp\2\ipo_94004.o
c:\users\admini~1\appdata\local\temp\2\97406alis3
c:\users\admini~1\appdata\local\temp\2\97407elis4
c:\users\admini~1\appdata\local\temp\2\974017tempfile2
c:\users\admini~1\appdata\local\temp\2\97409llis6
c:\users\admini~1\appdata\local\temp\2\ipo_97404.o
c:\users\admini~1\appdata\local\temp\2\101246alis3
c:\users\admini~1\appdata\local\temp\2\101247elis4
c:\users\admini~1\appdata\local\temp\2\1012417tempfile2
c:\users\admini~1\appdata\local\temp\2\101249llis6
c:\users\admini~1\appdata\local\temp\2\ipo_101244.o
c:\users\admini~1\appdata\local\temp\2\83086alis3
c:\users\admini~1\appdata\local\temp\2\83087elis4
c:\users\admini~1\appdata\local\temp\2\830817tempfile2
c:\users\admini~1\appdata\local\temp\2\83089llis6
c:\users\admini~1\appdata\local\temp\2\ipo_83084.o
c:\users\admini~1\appdata\local\temp\2\26806alis3
c:\users\admini~1\appdata\local\temp\2\26807elis4
c:\users\admini~1\appdata\local\temp\2\268017tempfile2
c:\users\admini~1\appdata\local\temp\2\26809llis6
c:\users\admini~1\appdata\local\temp\2\ipo_26804.o
c:\users\admini~1\appdata\local\temp\2\92006alis3
c:\users\admini~1\appdata\local\temp\2\92007elis4
c:\users\admini~1\appdata\local\temp\2\920017tempfile2
c:\users\admini~1\appdata\local\temp\2\92009llis6
c:\users\admini~1\appdata\local\temp\2\ipo_92004.o
c:\users\admini~1\appdata\local\temp\2\98446alis3
c:\users\admini~1\appdata\local\temp\2\98447elis4
c:\users\admini~1\appdata\local\temp\2\984417tempfile2
c:\users\admini~1\appdata\local\temp\2\98449llis6
c:\users\admini~1\appdata\local\temp\2\ipo_98444.o
c:\users\admini~1\appdata\local\temp\2\76726alis3
c:\users\admini~1\appdata\local\temp\2\76727elis4
c:\users\admini~1\appdata\local\temp\2\767217tempfile2
c:\users\admini~1\appdata\local\temp\2\76729llis6
c:\users\admini~1\appdata\local\temp\2\ipo_76724.o
c:\users\admini~1\appdata\local\temp\2\103206alis3
c:\users\admini~1\appdata\local\temp\2\103207elis4
c:\users\admini~1\appdata\local\temp\2\1032017tempfile2
c:\users\admini~1\appdata\local\temp\2\103209llis6
c:\users\admini~1\appdata\local\temp\2\ipo_103204.o
c:\users\admini~1\appdata\local\temp\2\57206alis3
c:\users\admini~1\appdata\local\temp\2\57207elis4
c:\users\admini~1\appdata\local\temp\2\572017tempfile2
c:\users\admini~1\appdata\local\temp\2\57209llis6
c:\users\admini~1\appdata\local\temp\2\ipo_57204.o
c:\users\admini~1\appdata\local\temp\2\92446alis3
c:\users\admini~1\appdata\local\temp\2\92447elis4
c:\users\admini~1\appdata\local\temp\2\924417tempfile2
c:\users\admini~1\appdata\local\temp\2\92449llis6
c:\users\admini~1\appdata\local\temp\2\ipo_92444.o
c:\users\admini~1\appdata\local\temp\2\57086alis3
c:\users\admini~1\appdata\local\temp\2\57087elis4
c:\users\admini~1\appdata\local\temp\2\570817tempfile2
c:\users\admini~1\appdata\local\temp\2\57089llis6
c:\users\admini~1\appdata\local\temp\2\ipo_57084.o
c:\users\admini~1\appdata\local\temp\2\94606alis3
c:\users\admini~1\appdata\local\temp\2\94607elis4
c:\users\admini~1\appdata\local\temp\2\946017tempfile2
c:\users\admini~1\appdata\local\temp\2\94609llis6
c:\users\admini~1\appdata\local\temp\2\ipo_94604.o
c:\users\admini~1\appdata\local\temp\2\71446alis3
c:\users\admini~1\appdata\local\temp\2\71447elis4
c:\users\admini~1\appdata\local\temp\2\714417tempfile2
c:\users\admini~1\appdata\local\temp\2\71449llis6
c:\users\admini~1\appdata\local\temp\2\ipo_71444.o
c:\users\admini~1\appdata\local\temp\2\81446alis3
c:\users\admini~1\appdata\local\temp\2\81447elis4
c:\users\admini~1\appdata\local\temp\2\814417tempfile2
c:\users\admini~1\appdata\local\temp\2\81449llis6
c:\users\admini~1\appdata\local\temp\2\ipo_81444.o
c:\users\admini~1\appdata\local\temp\2\84566alis3
c:\users\admini~1\appdata\local\temp\2\84567elis4
c:\users\admini~1\appdata\local\temp\2\845617tempfile2
c:\users\admini~1\appdata\local\temp\2\84569llis6
c:\users\admini~1\appdata\local\temp\2\ipo_84564.o
c:\users\admini~1\appdata\local\temp\2\13566alis3
c:\users\admini~1\appdata\local\temp\2\13567elis4
c:\users\admini~1\appdata\local\temp\2\135617tempfile2
c:\users\admini~1\appdata\local\temp\2\13569llis6
c:\users\admini~1\appdata\local\temp\2\ipo_13564.o
c:\users\admini~1\appdata\local\temp\2\110606alis3
c:\users\admini~1\appdata\local\temp\2\110607elis4
c:\users\admini~1\appdata\local\temp\2\1106017tempfile2
c:\users\admini~1\appdata\local\temp\2\110609llis6
c:\users\admini~1\appdata\local\temp\2\ipo_110604.o
c:\users\admini~1\appdata\local\temp\2\14446alis3
c:\users\admini~1\appdata\local\temp\2\14447elis4
c:\users\admini~1\appdata\local\temp\2\144417tempfile2
c:\users\admini~1\appdata\local\temp\2\14449llis6
c:\users\admini~1\appdata\local\temp\2\ipo_14444.o
c:\users\admini~1\appdata\local\temp\2\97006alis3
c:\users\admini~1\appdata\local\temp\2\97007elis4
c:\users\admini~1\appdata\local\temp\2\970017tempfile2
c:\users\admini~1\appdata\local\temp\2\97009llis6
c:\users\admini~1\appdata\local\temp\2\ipo_97004.o
c:\users\admini~1\appdata\local\temp\2\105526alis3
c:\users\admini~1\appdata\local\temp\2\105527elis4
c:\users\admini~1\appdata\local\temp\2\1055217tempfile2
c:\users\admini~1\appdata\local\temp\2\105529llis6
c:\users\admini~1\appdata\local\temp\2\ipo_105524.o
c:\users\admini~1\appdata\local\temp\2\25726alis3
c:\users\admini~1\appdata\local\temp\2\25727elis4
c:\users\admini~1\appdata\local\temp\2\257217tempfile2
c:\users\admini~1\appdata\local\temp\2\25729llis6
c:\users\admini~1\appdata\local\temp\2\ipo_25724.o
c:\users\admini~1\appdata\local\temp\2\93006alis3
c:\users\admini~1\appdata\local\temp\2\93007elis4
c:\users\admini~1\appdata\local\temp\2\930017tempfile2
c:\users\admini~1\appdata\local\temp\2\93009llis6
c:\users\admini~1\appdata\local\temp\2\ipo_93004.o
c:\users\admini~1\appdata\local\temp\2\73966alis3
c:\users\admini~1\appdata\local\temp\2\73967elis4
c:\users\admini~1\appdata\local\temp\2\739617tempfile2
c:\users\admini~1\appdata\local\temp\2\73969llis6
c:\users\admini~1\appdata\local\temp\2\ipo_73964.o
c:\users\admini~1\appdata\local\temp\2\50166alis3
c:\users\admini~1\appdata\local\temp\2\50167elis4
c:\users\admini~1\appdata\local\temp\2\501617tempfile2
c:\users\admini~1\appdata\local\temp\2\50169llis6
c:\users\admini~1\appdata\local\temp\2\ipo_50164.o
c:\users\admini~1\appdata\local\temp\2\39806alis3
c:\users\admini~1\appdata\local\temp\2\39807elis4
c:\users\admini~1\appdata\local\temp\2\398017tempfile2
c:\users\admini~1\appdata\local\temp\2\39809llis6
c:\users\admini~1\appdata\local\temp\2\ipo_39804.o
c:\users\admini~1\appdata\local\temp\2\105966alis3
c:\users\admini~1\appdata\local\temp\2\105967elis4
c:\users\admini~1\appdata\local\temp\2\1059617tempfile2
c:\users\admini~1\appdata\local\temp\2\105969llis6
c:\users\admini~1\appdata\local\temp\2\ipo_105964.o
c:\users\admini~1\appdata\local\temp\2\lnk{6c85ac69-2fe4-4419-ae4e-6efbf0ebf42c}.tmp
c:\users\admini~1\appdata\local\temp\2\lnk{8483b3a5-75ae-44f5-a8a6-a314974ed7de}.tmp
c:\users\admini~1\appdata\local\temp\2\lnk{6c32aef9-9aef-4506-8607-b8e1daf01651}.tmp
c:\users\admini~1\appdata\local\temp\2\lnk{d044ac6f-c61d-4984-b30a-020b006431c4}.tmp
c:\users\admini~1\appdata\local\temp\2\lnk{b501d0a0-bc3c-4949-ac87-df5db389f89b}.tmp
c:\users\admini~1\appdata\local\temp\2\lnk{66aef085-53dc-429a-a747-b3c14337c665}.tmp
c:\users\admini~1\appdata\local\temp\2\lnk{39813e0d-7e7f-43f5-a9a0-d80a016e1247}.tmp
c:\users\admini~1\appdata\local\temp\2\lnk{6159e4ed-29fd-488e-83e6-c58ed0fde34f}.tmp
c:\users\admini~1\appdata\local\temp\2\lnk{b57a2e74-0a57-4e39-8f16-e95a5f3ff3f2}.tmp
c:\users\admini~1\appdata\local\temp\2\lnk{d964f03b-6d37-478a-930d-8391d3ee7019}.tmp
c:\users\admini~1\appdata\local\temp\2\lnk{9f606baa-7b4b-4bcd-83a2-f33fa384d4de}.tmp
c:\users\admini~1\appdata\local\temp\2\lnk{34470fb2-a607-4a08-ae26-88e5112096b3}.tmp
c:\users\admini~1\appdata\local\temp\2\lnk{9eaf1de3-8fd1-43bb-a450-dfabe5d95222}.tmp
c:\users\admini~1\appdata\local\temp\2\lnk{eec3d253-d38e-4de1-a9b8-995b1f596338}.tmp
c:\users\admini~1\appdata\local\temp\2\lnk{959c6f55-5606-4850-bb7d-ad855afb2fd6}.tmp
c:\users\admini~1\appdata\local\temp\2\lnk{608f08f1-a08a-4d3d-8f56-46d332e2635a}.tmp
c:\users\admini~1\appdata\local\temp\2\lnk{a3dee6da-a503-4e1e-88c3-9cf1b0682305}.tmp
c:\users\admini~1\appdata\local\temp\2\lnk{24910e4e-b9cf-4d48-a147-fc97b134d326}.tmp
c:\users\admini~1\appdata\local\temp\2\lnk{722b3ba3-4593-4dc7-95bd-fad507cb1977}.tmp
c:\users\admini~1\appdata\local\temp\2\lnk{76f9c937-a90c-47ea-86a7-ea677068d0f3}.tmp
c:\users\admini~1\appdata\local\temp\2\lnk{c0c3473b-c687-41d2-b6eb-3e15bd7f077c}.tmp
c:\users\admini~1\appdata\local\temp\2\lnk{74167d00-9f07-4219-b8df-9379e0b6ad34}.tmp
c:\users\admini~1\appdata\local\temp\2\lnk{24d53fbf-f5a2-4b4f-a4a0-093de0e5cc9f}.tmp
c:\users\admini~1\appdata\local\temp\2\lnk{49fe9042-a652-4357-b2fb-177e874f625f}.tmp
c:\users\admini~1\appdata\local\temp\2\lnk{356fec48-d661-4149-a5ab-1a004e2f3c32}.tmp
c:\users\admini~1\appdata\local\temp\2\lnk{9c898668-0b17-4f8e-92c1-8416a0a35730}.tmp
c:\users\admini~1\appdata\local\temp\2\lnk{0c6f0755-1405-4c4e-87f8-532226a82b4c}.tmp
c:\users\admini~1\appdata\local\temp\2\lnk{6b0c5fca-32ba-449a-a1aa-ef224b1a397d}.tmp
c:\users\admini~1\appdata\local\temp\2\lnk{8b7e055f-4ba5-4f31-b4c3-fdd68c28297c}.tmp
c:\users\admini~1\appdata\local\temp\2\lnk{50284cc0-5b52-4da7-97e4-2c9ea2be6404}.tmp
c:\users\admini~1\appdata\local\temp\2\lnk{95850b4f-0921-4be6-98de-fa01e7e83e17}.tmp
c:\users\admini~1\appdata\local\temp\2\lnk{124dcd72-ecf7-4164-b18d-a0be2d0f7102}.tmp
c:\users\admini~1\appdata\local\temp\2\lnk{d879d94a-6929-41b4-a6b6-79852340b850}.tmp
c:\users\admini~1\appdata\local\temp\2\lnk{cd2aa39a-b26c-4b60-84a8-bfd2caff8c9d}.tmp
c:\users\admini~1\appdata\local\temp\2\lnk{6cb13857-f7e6-4cc2-a771-ef46b0411831}.tmp
c:\users\admini~1\appdata\local\temp\2\lnk{6b92c488-451b-4005-9ff5-fa2cb1f8ed0b}.tmp
c:\users\admini~1\appdata\local\temp\2\lnk{ce60cafb-1469-4c46-8344-a48a926890ba}.tmp
c:\users\admini~1\appdata\local\temp\2\lnk{4871c624-320c-4b3c-9fe0-be6a717e69c5}.tmp
c:\users\admini~1\appdata\local\temp\2\lnk{00545801-eabd-4a2f-a6b1-eee202044911}.tmp
c:\users\admini~1\appdata\local\temp\2\lnk{a701d2a5-b6ca-4de1-89be-74c8cd60b279}.tmp
c:\users\admini~1\appdata\local\temp\2\lnk{0a989611-a9d2-42d1-8205-b15263a92fee}.tmp
c:\users\admini~1\appdata\local\temp\2\lnk{ab38cb0f-25c1-4b05-99f3-0b0127eee0b6}.tmp
c:\users\admini~1\appdata\local\temp\2\lnk{5fb18fd7-3187-4f0e-aecb-8e6356769996}.tmp
c:\users\admini~1\appdata\local\temp\2\lnk{c4164c3c-8cfa-4100-a003-0ff5af951e0c}.tmp
c:\users\admini~1\appdata\local\temp\2\lnk{1451dcab-369b-4cc7-bac5-f40840bc7fa1}.tmp
c:\users\admini~1\appdata\local\temp\2\lnk{09a2b350-690e-4672-a6bd-74c4ae305d81}.tmp
c:\users\admini~1\appdata\local\temp\2\lnk{4014c84e-57b8-44c6-a07a-200a3f3e98f5}.tmp
c:\users\admini~1\appdata\local\temp\2\lnk{2e0e02e1-d975-4b62-8fc3-3b2f238a0177}.tmp
c:\users\admini~1\appdata\local\temp\2\lnk{a1b9b066-e3ac-4df7-bdfd-a2cff6db8b58}.tmp
c:\users\admini~1\appdata\local\temp\2\lnk{9bea8533-e54d-4e01-abfb-20fe57cb3920}.tmp
c:\users\admini~1\appdata\local\temp\2\lnk{c6110572-cdc5-4c7e-be24-c3d8e6f844c7}.tmp
c:\users\admini~1\appdata\local\temp\2\lnk{1db35d5a-a6d2-4cbb-a132-fe7a4d482312}.tmp
c:\users\admini~1\appdata\local\temp\2\lnk{5662e65c-4d03-43a1-8ee4-fb452caa423b}.tmp
c:\users\admini~1\appdata\local\temp\2\lnk{100a6633-7a64-4558-b23a-2ea423ebf4a0}.tmp
c:\users\admini~1\appdata\local\temp\2\lnk{34b4cca6-e770-42a3-b400-98f291b4138f}.tmp
c:\users\admini~1\appdata\local\temp\2\lnk{d16edcad-62d0-4c4e-bb78-eeab6259ab2b}.tmp
c:\users\admini~1\appdata\local\temp\2\lnk{9636b073-77c7-47be-99dd-e3f874a17dde}.tmp
c:\users\administrator\desktop\phi x100\programming\programming\build\mandelbrot\x64\release\x86_64\mandelbrot.exe
c:\users\administrator\desktop\phi x100\programming\programming\build\mandelbrot\x64\release\x86_64\mandelbrot.pdb
c:\users\administrator\desktop\phi x100\programming\programming\mandelbrot\x64\release\mandelbrot\mandelbrot.tlog\icl-icc-k1om-mpss-linux-ld.read.1.tlog
c:\users\administrator\desktop\phi x100\programming\programming\mandelbrot\x64\release\mandelbrot\mandelbrot.tlog\icl-icc-mcpcom.read.1.tlog
c:\users\administrator\desktop\phi x100\programming\programming\mandelbrot\x64\release\mandelbrot\mandelbrot.tlog\icl-icc-mcpcom.write.1.tlog
c:\users\administrator\desktop\phi x100\programming\programming\mandelbrot\x64\release\mandelbrot\mandelbrot.tlog\icl-icc.10084-k1om-mpss-linux-ld.read.1.tlog
c:\users\administrator\desktop\phi x100\programming\programming\mandelbrot\x64\release\mandelbrot\mandelbrot.tlog\icl-icc.10084-mcpcom.read.1.tlog
c:\users\administrator\desktop\phi x100\programming\programming\mandelbrot\x64\release\mandelbrot\mandelbrot.tlog\icl-icc.10084-mcpcom.write.1.tlog
c:\users\administrator\desktop\phi x100\programming\programming\mandelbrot\x64\release\mandelbrot\mandelbrot.tlog\icl-icc.10084.read.1.tlog
c:\users\administrator\desktop\phi x100\programming\programming\mandelbrot\x64\release\mandelbrot\mandelbrot.tlog\icl-icc.10084.write.1.tlog
c:\users\administrator\desktop\phi x100\programming\programming\mandelbrot\x64\release\mandelbrot\mandelbrot.tlog\icl-icc.10112-k1om-mpss-linux-ld.read.1.tlog
c:\users\administrator\desktop\phi x100\programming\programming\mandelbrot\x64\release\mandelbrot\mandelbrot.tlog\icl-icc.10112-mcpcom.read.1.tlog
c:\users\administrator\desktop\phi x100\programming\programming\mandelbrot\x64\release\mandelbrot\mandelbrot.tlog\icl-icc.10112-mcpcom.write.1.tlog
c:\users\administrator\desktop\phi x100\programming\programming\mandelbrot\x64\release\mandelbrot\mandelbrot.tlog\icl-icc.10112.read.1.tlog
c:\users\administrator\desktop\phi x100\programming\programming\mandelbrot\x64\release\mandelbrot\mandelbrot.tlog\icl-icc.10112.write.1.tlog
c:\users\administrator\desktop\phi x100\programming\programming\mandelbrot\x64\release\mandelbrot\mandelbrot.tlog\icl-icc.10144-k1om-mpss-linux-ld.read.1.tlog
c:\users\administrator\desktop\phi x100\programming\programming\mandelbrot\x64\release\mandelbrot\mandelbrot.tlog\icl-icc.10144-mcpcom.read.1.tlog
c:\users\administrator\desktop\phi x100\programming\programming\mandelbrot\x64\release\mandelbrot\mandelbrot.tlog\icl-icc.10144-mcpcom.write.1.tlog
c:\users\administrator\desktop\phi x100\programming\programming\mandelbrot\x64\release\mandelbrot\mandelbrot.tlog\icl-icc.10144.read.1.tlog
c:\users\administrator\desktop\phi x100\programming\programming\mandelbrot\x64\release\mandelbrot\mandelbrot.tlog\icl-icc.10144.write.1.tlog
c:\users\administrator\desktop\phi x100\programming\programming\mandelbrot\x64\release\mandelbrot\mandelbrot.tlog\icl-icc.10228-k1om-mpss-linux-ld.read.1.tlog
c:\users\administrator\desktop\phi x100\programming\programming\mandelbrot\x64\release\mandelbrot\mandelbrot.tlog\icl-icc.10228-mcpcom.read.1.tlog
c:\users\administrator\desktop\phi x100\programming\programming\mandelbrot\x64\release\mandelbrot\mandelbrot.tlog\icl-icc.10228-mcpcom.write.1.tlog
c:\users\administrator\desktop\phi x100\programming\programming\mandelbrot\x64\release\mandelbrot\mandelbrot.tlog\icl-icc.10228.read.1.tlog
c:\users\administrator\desktop\phi x100\programming\programming\mandelbrot\x64\release\mandelbrot\mandelbrot.tlog\icl-icc.10228.write.1.tlog
c:\users\administrator\desktop\phi x100\programming\programming\mandelbrot\x64\release\mandelbrot\mandelbrot.tlog\icl-icc.10232-k1om-mpss-linux-ld.read.1.tlog
c:\users\administrator\desktop\phi x100\programming\programming\mandelbrot\x64\release\mandelbrot\mandelbrot.tlog\icl-icc.10232-mcpcom.read.1.tlog
c:\users\administrator\desktop\phi x100\programming\programming\mandelbrot\x64\release\mandelbrot\mandelbrot.tlog\icl-icc.10232-mcpcom.write.1.tlog
c:\users\administrator\desktop\phi x100\programming\programming\mandelbrot\x64\release\mandelbrot\mandelbrot.tlog\icl-icc.10232.read.1.tlog
c:\users\administrator\desktop\phi x100\programming\programming\mandelbrot\x64\release\mandelbrot\mandelbrot.tlog\icl-icc.10232.write.1.tlog
c:\users\administrator\desktop\phi x100\programming\programming\mandelbrot\x64\release\mandelbrot\mandelbrot.tlog\icl-icc.10292-k1om-mpss-linux-ld.read.1.tlog
c:\users\administrator\desktop\phi x100\programming\programming\mandelbrot\x64\release\mandelbrot\mandelbrot.tlog\icl-icc.10292-mcpcom.read.1.tlog
c:\users\administrator\desktop\phi x100\programming\programming\mandelbrot\x64\release\mandelbrot\mandelbrot.tlog\icl-icc.10292-mcpcom.write.1.tlog
c:\users\administrator\desktop\phi x100\programming\programming\mandelbrot\x64\release\mandelbrot\mandelbrot.tlog\icl-icc.10292.read.1.tlog
c:\users\administrator\desktop\phi x100\programming\programming\mandelbrot\x64\release\mandelbrot\mandelbrot.tlog\icl-icc.10292.write.1.tlog
c:\users\administrator\desktop\phi x100\programming\programming\mandelbrot\x64\release\mandelbrot\mandelbrot.tlog\icl-icc.10308-k1om-mpss-linux-ld.read.1.tlog
c:\users\administrator\desktop\phi x100\programming\programming\mandelbrot\x64\release\mandelbrot\mandelbrot.tlog\icl-icc.10308-mcpcom.read.1.tlog
c:\users\administrator\desktop\phi x100\programming\programming\mandelbrot\x64\release\mandelbrot\mandelbrot.tlog\icl-icc.10308-mcpcom.write.1.tlog
c:\users\administrator\desktop\phi x100\programming\programming\mandelbrot\x64\release\mandelbrot\mandelbrot.tlog\icl-icc.10308.read.1.tlog
c:\users\administrator\desktop\phi x100\programming\programming\mandelbrot\x64\release\mandelbrot\mandelbrot.tlog\icl-icc.10308.write.1.tlog
c:\users\administrator\desktop\phi x100\programming\programming\mandelbrot\x64\release\mandelbrot\mandelbrot.tlog\icl-icc.10348-k1om-mpss-linux-ld.read.1.tlog
c:\users\administrator\desktop\phi x100\programming\programming\mandelbrot\x64\release\mandelbrot\mandelbrot.tlog\icl-icc.10348-mcpcom.read.1.tlog
c:\users\administrator\desktop\phi x100\programming\programming\mandelbrot\x64\release\mandelbrot\mandelbrot.tlog\icl-icc.10348-mcpcom.write.1.tlog
c:\users\administrator\desktop\phi x100\programming\programming\mandelbrot\x64\release\mandelbrot\mandelbrot.tlog\icl-icc.10348.read.1.tlog
c:\users\administrator\desktop\phi x100\programming\programming\mandelbrot\x64\release\mandelbrot\mandelbrot.tlog\icl-icc.10348.write.1.tlog
c:\users\administrator\desktop\phi x100\programming\programming\mandelbrot\x64\release\mandelbrot\mandelbrot.tlog\icl-icc.10372-k1om-mpss-linux-ld.read.1.tlog
c:\users\administrator\desktop\phi x100\programming\programming\mandelbrot\x64\release\mandelbrot\mandelbrot.tlog\icl-icc.10372-mcpcom.read.1.tlog
c:\users\administrator\desktop\phi x100\programming\programming\mandelbrot\x64\release\mandelbrot\mandelbrot.tlog\icl-icc.10372-mcpcom.write.1.tlog
c:\users\administrator\desktop\phi x100\programming\programming\mandelbrot\x64\release\mandelbrot\mandelbrot.tlog\icl-icc.10372.read.1.tlog
c:\users\administrator\desktop\phi x100\programming\programming\mandelbrot\x64\release\mandelbrot\mandelbrot.tlog\icl-icc.10372.write.1.tlog
c:\users\administrator\desktop\phi x100\programming\programming\mandelbrot\x64\release\mandelbrot\mandelbrot.tlog\icl-icc.10420-k1om-mpss-linux-ld.read.1.tlog
c:\users\administrator\desktop\phi x100\programming\programming\mandelbrot\x64\release\mandelbrot\mandelbrot.tlog\icl-icc.10420-mcpcom.read.1.tlog
c:\users\administrator\desktop\phi x100\programming\programming\mandelbrot\x64\release\mandelbrot\mandelbrot.tlog\icl-icc.10420-mcpcom.write.1.tlog
c:\users\administrator\desktop\phi x100\programming\programming\mandelbrot\x64\release\mandelbrot\mandelbrot.tlog\icl-icc.10420.read.1.tlog
c:\users\administrator\desktop\phi x100\programming\programming\mandelbrot\x64\release\mandelbrot\mandelbrot.tlog\icl-icc.10420.write.1.tlog
c:\users\administrator\desktop\phi x100\programming\programming\mandelbrot\x64\release\mandelbrot\mandelbrot.tlog\icl-icc.10504-k1om-mpss-linux-ld.read.1.tlog
c:\users\administrator\desktop\phi x100\programming\programming\mandelbrot\x64\release\mandelbrot\mandelbrot.tlog\icl-icc.10504-mcpcom.read.1.tlog
c:\users\administrator\desktop\phi x100\programming\programming\mandelbrot\x64\release\mandelbrot\mandelbrot.tlog\icl-icc.10504-mcpcom.write.1.tlog
c:\users\administrator\desktop\phi x100\programming\programming\mandelbrot\x64\release\mandelbrot\mandelbrot.tlog\icl-icc.10504.read.1.tlog
c:\users\administrator\desktop\phi x100\programming\programming\mandelbrot\x64\release\mandelbrot\mandelbrot.tlog\icl-icc.10504.write.1.tlog
c:\users\administrator\desktop\phi x100\programming\programming\mandelbrot\x64\release\mandelbrot\mandelbrot.tlog\icl-icc.10568-k1om-mpss-linux-ld.read.1.tlog
c:\users\administrator\desktop\phi x100\programming\programming\mandelbrot\x64\release\mandelbrot\mandelbrot.tlog\icl-icc.10568-mcpcom.read.1.tlog
c:\users\administrator\desktop\phi x100\programming\programming\mandelbrot\x64\release\mandelbrot\mandelbrot.tlog\icl-icc.10568-mcpcom.write.1.tlog
c:\users\administrator\desktop\phi x100\programming\programming\mandelbrot\x64\release\mandelbrot\mandelbrot.tlog\icl-icc.10568.read.1.tlog
c:\users\administrator\desktop\phi x100\programming\programming\mandelbrot\x64\release\mandelbrot\mandelbrot.tlog\icl-icc.10568.write.1.tlog
c:\users\administrator\desktop\phi x100\programming\programming\mandelbrot\x64\release\mandelbrot\mandelbrot.tlog\icl-icc.10796-k1om-mpss-linux-ld.read.1.tlog
c:\users\administrator\desktop\phi x100\programming\programming\mandelbrot\x64\release\mandelbrot\mandelbrot.tlog\icl-icc.10796-mcpcom.read.1.tlog
c:\users\administrator\desktop\phi x100\programming\programming\mandelbrot\x64\release\mandelbrot\mandelbrot.tlog\icl-icc.10796-mcpcom.write.1.tlog
c:\users\administrator\desktop\phi x100\programming\programming\mandelbrot\x64\release\mandelbrot\mandelbrot.tlog\icl-icc.10796.read.1.tlog
c:\users\administrator\desktop\phi x100\programming\programming\mandelbrot\x64\release\mandelbrot\mandelbrot.tlog\icl-icc.10796.write.1.tlog
c:\users\administrator\desktop\phi x100\programming\programming\mandelbrot\x64\release\mandelbrot\mandelbrot.tlog\icl-icc.10896-k1om-mpss-linux-ld.read.1.tlog
c:\users\administrator\desktop\phi x100\programming\programming\mandelbrot\x64\release\mandelbrot\mandelbrot.tlog\icl-icc.10896-mcpcom.read.1.tlog
c:\users\administrator\desktop\phi x100\programming\programming\mandelbrot\x64\release\mandelbrot\mandelbrot.tlog\icl-icc.10896-mcpcom.write.1.tlog
c:\users\administrator\desktop\phi x100\programming\programming\mandelbrot\x64\release\mandelbrot\mandelbrot.tlog\icl-icc.10896.read.1.tlog
c:\users\administrator\desktop\phi x100\programming\programming\mandelbrot\x64\release\mandelbrot\mandelbrot.tlog\icl-icc.10896.write.1.tlog
c:\users\administrator\desktop\phi x100\programming\programming\mandelbrot\x64\release\mandelbrot\mandelbrot.tlog\icl-icc.11244-k1om-mpss-linux-ld.read.1.tlog
c:\users\administrator\desktop\phi x100\programming\programming\mandelbrot\x64\release\mandelbrot\mandelbrot.tlog\icl-icc.11244-mcpcom.read.1.tlog
c:\users\administrator\desktop\phi x100\programming\programming\mandelbrot\x64\release\mandelbrot\mandelbrot.tlog\icl-icc.11244-mcpcom.write.1.tlog
c:\users\administrator\desktop\phi x100\programming\programming\mandelbrot\x64\release\mandelbrot\mandelbrot.tlog\icl-icc.11244.read.1.tlog
c:\users\administrator\desktop\phi x100\programming\programming\mandelbrot\x64\release\mandelbrot\mandelbrot.tlog\icl-icc.11244.write.1.tlog
c:\users\administrator\desktop\phi x100\programming\programming\mandelbrot\x64\release\mandelbrot\mandelbrot.tlog\icl-icc.1232-k1om-mpss-linux-ld.read.1.tlog
c:\users\administrator\desktop\phi x100\programming\programming\mandelbrot\x64\release\mandelbrot\mandelbrot.tlog\icl-icc.1232-mcpcom.read.1.tlog
c:\users\administrator\desktop\phi x100\programming\programming\mandelbrot\x64\release\mandelbrot\mandelbrot.tlog\icl-icc.1232-mcpcom.write.1.tlog
c:\users\administrator\desktop\phi x100\programming\programming\mandelbrot\x64\release\mandelbrot\mandelbrot.tlog\icl-icc.1232.read.1.tlog
c:\users\administrator\desktop\phi x100\programming\programming\mandelbrot\x64\release\mandelbrot\mandelbrot.tlog\icl-icc.1232.write.1.tlog
c:\users\administrator\desktop\phi x100\programming\programming\mandelbrot\x64\release\mandelbrot\mandelbrot.tlog\icl-icc.2720-k1om-mpss-linux-ld.read.1.tlog
c:\users\administrator\desktop\phi x100\programming\programming\mandelbrot\x64\release\mandelbrot\mandelbrot.tlog\icl-icc.2720-mcpcom.read.1.tlog
c:\users\administrator\desktop\phi x100\programming\programming\mandelbrot\x64\release\mandelbrot\mandelbrot.tlog\icl-icc.2720-mcpcom.write.1.tlog
c:\users\administrator\desktop\phi x100\programming\programming\mandelbrot\x64\release\mandelbrot\mandelbrot.tlog\icl-icc.2720.read.1.tlog
c:\users\administrator\desktop\phi x100\programming\programming\mandelbrot\x64\release\mandelbrot\mandelbrot.tlog\icl-icc.2720.write.1.tlog
c:\users\administrator\desktop\phi x100\programming\programming\mandelbrot\x64\release\mandelbrot\mandelbrot.tlog\icl-icc.3180-k1om-mpss-linux-ld.read.1.tlog
c:\users\administrator\desktop\phi x100\programming\programming\mandelbrot\x64\release\mandelbrot\mandelbrot.tlog\icl-icc.3180-mcpcom.read.1.tlog
c:\users\administrator\desktop\phi x100\programming\programming\mandelbrot\x64\release\mandelbrot\mandelbrot.tlog\icl-icc.3180-mcpcom.write.1.tlog
c:\users\administrator\desktop\phi x100\programming\programming\mandelbrot\x64\release\mandelbrot\mandelbrot.tlog\icl-icc.3180.read.1.tlog
c:\users\administrator\desktop\phi x100\programming\programming\mandelbrot\x64\release\mandelbrot\mandelbrot.tlog\icl-icc.3180.write.1.tlog
c:\users\administrator\desktop\phi x100\programming\programming\mandelbrot\x64\release\mandelbrot\mandelbrot.tlog\icl-icc.3976-k1om-mpss-linux-ld.read.1.tlog
c:\users\administrator\desktop\phi x100\programming\programming\mandelbrot\x64\release\mandelbrot\mandelbrot.tlog\icl-icc.3976-mcpcom.read.1.tlog
c:\users\administrator\desktop\phi x100\programming\programming\mandelbrot\x64\release\mandelbrot\mandelbrot.tlog\icl-icc.3976-mcpcom.write.1.tlog
c:\users\administrator\desktop\phi x100\programming\programming\mandelbrot\x64\release\mandelbrot\mandelbrot.tlog\icl-icc.3976.read.1.tlog
c:\users\administrator\desktop\phi x100\programming\programming\mandelbrot\x64\release\mandelbrot\mandelbrot.tlog\icl-icc.3976.write.1.tlog
c:\users\administrator\desktop\phi x100\programming\programming\mandelbrot\x64\release\mandelbrot\mandelbrot.tlog\icl-icc.4144-k1om-mpss-linux-ld.read.1.tlog
c:\users\administrator\desktop\phi x100\programming\programming\mandelbrot\x64\release\mandelbrot\mandelbrot.tlog\icl-icc.4144-mcpcom.read.1.tlog
c:\users\administrator\desktop\phi x100\programming\programming\mandelbrot\x64\release\mandelbrot\mandelbrot.tlog\icl-icc.4144-mcpcom.write.1.tlog
c:\users\administrator\desktop\phi x100\programming\programming\mandelbrot\x64\release\mandelbrot\mandelbrot.tlog\icl-icc.4144.read.1.tlog
c:\users\administrator\desktop\phi x100\programming\programming\mandelbrot\x64\release\mandelbrot\mandelbrot.tlog\icl-icc.4144.write.1.tlog
c:\users\administrator\desktop\phi x100\programming\programming\mandelbrot\x64\release\mandelbrot\mandelbrot.tlog\icl-icc.4240-k1om-mpss-linux-ld.read.1.tlog
c:\users\administrator\desktop\phi x100\programming\programming\mandelbrot\x64\release\mandelbrot\mandelbrot.tlog\icl-icc.4240-mcpcom.read.1.tlog
c:\users\administrator\desktop\phi x100\programming\programming\mandelbrot\x64\release\mandelbrot\mandelbrot.tlog\icl-icc.4240-mcpcom.write.1.tlog
c:\users\administrator\desktop\phi x100\programming\programming\mandelbrot\x64\release\mandelbrot\mandelbrot.tlog\icl-icc.4240.read.1.tlog
c:\users\administrator\desktop\phi x100\programming\programming\mandelbrot\x64\release\mandelbrot\mandelbrot.tlog\icl-icc.4240.write.1.tlog
c:\users\administrator\desktop\phi x100\programming\programming\mandelbrot\x64\release\mandelbrot\mandelbrot.tlog\icl-icc.4356-k1om-mpss-linux-ld.read.1.tlog
c:\users\administrator\desktop\phi x100\programming\programming\mandelbrot\x64\release\mandelbrot\mandelbrot.tlog\icl-icc.4356-mcpcom.read.1.tlog
c:\users\administrator\desktop\phi x100\programming\programming\mandelbrot\x64\release\mandelbrot\mandelbrot.tlog\icl-icc.4356-mcpcom.write.1.tlog
c:\users\administrator\desktop\phi x100\programming\programming\mandelbrot\x64\release\mandelbrot\mandelbrot.tlog\icl-icc.4356.read.1.tlog
c:\users\administrator\desktop\phi x100\programming\programming\mandelbrot\x64\release\mandelbrot\mandelbrot.tlog\icl-icc.4356.write.1.tlog
c:\users\administrator\desktop\phi x100\programming\programming\mandelbrot\x64\release\mandelbrot\mandelbrot.tlog\icl-icc.4768-k1om-mpss-linux-ld.read.1.tlog
c:\users\administrator\desktop\phi x100\programming\programming\mandelbrot\x64\release\mandelbrot\mandelbrot.tlog\icl-icc.4768-mcpcom.read.1.tlog
c:\users\administrator\desktop\phi x100\programming\programming\mandelbrot\x64\release\mandelbrot\mandelbrot.tlog\icl-icc.4768-mcpcom.write.1.tlog
c:\users\administrator\desktop\phi x100\programming\programming\mandelbrot\x64\release\mandelbrot\mandelbrot.tlog\icl-icc.4768.read.1.tlog
c:\users\administrator\desktop\phi x100\programming\programming\mandelbrot\x64\release\mandelbrot\mandelbrot.tlog\icl-icc.4768.write.1.tlog
c:\users\administrator\desktop\phi x100\programming\programming\mandelbrot\x64\release\mandelbrot\mandelbrot.tlog\icl-icc.5000-k1om-mpss-linux-ld.read.1.tlog
c:\users\administrator\desktop\phi x100\programming\programming\mandelbrot\x64\release\mandelbrot\mandelbrot.tlog\icl-icc.5000-mcpcom.read.1.tlog
c:\users\administrator\desktop\phi x100\programming\programming\mandelbrot\x64\release\mandelbrot\mandelbrot.tlog\icl-icc.5000-mcpcom.write.1.tlog
c:\users\administrator\desktop\phi x100\programming\programming\mandelbrot\x64\release\mandelbrot\mandelbrot.tlog\icl-icc.5000.read.1.tlog
c:\users\administrator\desktop\phi x100\programming\programming\mandelbrot\x64\release\mandelbrot\mandelbrot.tlog\icl-icc.5000.write.1.tlog
c:\users\administrator\desktop\phi x100\programming\programming\mandelbrot\x64\release\mandelbrot\mandelbrot.tlog\icl-icc.7632-k1om-mpss-linux-ld.read.1.tlog
c:\users\administrator\desktop\phi x100\programming\programming\mandelbrot\x64\release\mandelbrot\mandelbrot.tlog\icl-icc.7632-mcpcom.read.1.tlog
c:\users\administrator\desktop\phi x100\programming\programming\mandelbrot\x64\release\mandelbrot\mandelbrot.tlog\icl-icc.7632-mcpcom.write.1.tlog
c:\users\administrator\desktop\phi x100\programming\programming\mandelbrot\x64\release\mandelbrot\mandelbrot.tlog\icl-icc.7632.read.1.tlog
c:\users\administrator\desktop\phi x100\programming\programming\mandelbrot\x64\release\mandelbrot\mandelbrot.tlog\icl-icc.7632.write.1.tlog
c:\users\administrator\desktop\phi x100\programming\programming\mandelbrot\x64\release\mandelbrot\mandelbrot.tlog\icl-icc.7672-k1om-mpss-linux-ld.read.1.tlog
c:\users\administrator\desktop\phi x100\programming\programming\mandelbrot\x64\release\mandelbrot\mandelbrot.tlog\icl-icc.7672-mcpcom.read.1.tlog
c:\users\administrator\desktop\phi x100\programming\programming\mandelbrot\x64\release\mandelbrot\mandelbrot.tlog\icl-icc.7672-mcpcom.write.1.tlog
c:\users\administrator\desktop\phi x100\programming\programming\mandelbrot\x64\release\mandelbrot\mandelbrot.tlog\icl-icc.7672.read.1.tlog
c:\users\administrator\desktop\phi x100\programming\programming\mandelbrot\x64\release\mandelbrot\mandelbrot.tlog\icl-icc.7672.write.1.tlog
c:\users\administrator\desktop\phi x100\programming\programming\mandelbrot\x64\release\mandelbrot\mandelbrot.tlog\icl-icc.8276-k1om-mpss-linux-ld.read.1.tlog
c:\users\administrator\desktop\phi x100\programming\programming\mandelbrot\x64\release\mandelbrot\mandelbrot.tlog\icl-icc.8276-mcpcom.read.1.tlog
c:\users\administrator\desktop\phi x100\programming\programming\mandelbrot\x64\release\mandelbrot\mandelbrot.tlog\icl-icc.8276-mcpcom.write.1.tlog
c:\users\administrator\desktop\phi x100\programming\programming\mandelbrot\x64\release\mandelbrot\mandelbrot.tlog\icl-icc.8276.read.1.tlog
c:\users\administrator\desktop\phi x100\programming\programming\mandelbrot\x64\release\mandelbrot\mandelbrot.tlog\icl-icc.8276.write.1.tlog
c:\users\administrator\desktop\phi x100\programming\programming\mandelbrot\x64\release\mandelbrot\mandelbrot.tlog\icl-icc.8284-k1om-mpss-linux-ld.read.1.tlog
c:\users\administrator\desktop\phi x100\programming\programming\mandelbrot\x64\release\mandelbrot\mandelbrot.tlog\icl-icc.8284-mcpcom.read.1.tlog
c:\users\administrator\desktop\phi x100\programming\programming\mandelbrot\x64\release\mandelbrot\mandelbrot.tlog\icl-icc.8284-mcpcom.write.1.tlog
c:\users\administrator\desktop\phi x100\programming\programming\mandelbrot\x64\release\mandelbrot\mandelbrot.tlog\icl-icc.8284.read.1.tlog
c:\users\administrator\desktop\phi x100\programming\programming\mandelbrot\x64\release\mandelbrot\mandelbrot.tlog\icl-icc.8284.write.1.tlog
c:\users\administrator\desktop\phi x100\programming\programming\mandelbrot\x64\release\mandelbrot\mandelbrot.tlog\icl-icc.8476-k1om-mpss-linux-ld.read.1.tlog
c:\users\administrator\desktop\phi x100\programming\programming\mandelbrot\x64\release\mandelbrot\mandelbrot.tlog\icl-icc.8476-mcpcom.read.1.tlog
c:\users\administrator\desktop\phi x100\programming\programming\mandelbrot\x64\release\mandelbrot\mandelbrot.tlog\icl-icc.8476-mcpcom.write.1.tlog
c:\users\administrator\desktop\phi x100\programming\programming\mandelbrot\x64\release\mandelbrot\mandelbrot.tlog\icl-icc.8476.read.1.tlog
c:\users\administrator\desktop\phi x100\programming\programming\mandelbrot\x64\release\mandelbrot\mandelbrot.tlog\icl-icc.8476.write.1.tlog
c:\users\administrator\desktop\phi x100\programming\programming\mandelbrot\x64\release\mandelbrot\mandelbrot.tlog\icl-icc.8508-k1om-mpss-linux-ld.read.1.tlog
c:\users\administrator\desktop\phi x100\programming\programming\mandelbrot\x64\release\mandelbrot\mandelbrot.tlog\icl-icc.8508-mcpcom.read.1.tlog
c:\users\administrator\desktop\phi x100\programming\programming\mandelbrot\x64\release\mandelbrot\mandelbrot.tlog\icl-icc.8508-mcpcom.write.1.tlog
c:\users\administrator\desktop\phi x100\programming\programming\mandelbrot\x64\release\mandelbrot\mandelbrot.tlog\icl-icc.8508.read.1.tlog
c:\users\administrator\desktop\phi x100\programming\programming\mandelbrot\x64\release\mandelbrot\mandelbrot.tlog\icl-icc.8508.write.1.tlog
c:\users\administrator\desktop\phi x100\programming\programming\mandelbrot\x64\release\mandelbrot\mandelbrot.tlog\icl-icc.8524-k1om-mpss-linux-ld.read.1.tlog
c:\users\administrator\desktop\phi x100\programming\programming\mandelbrot\x64\release\mandelbrot\mandelbrot.tlog\icl-icc.8524-mcpcom.read.1.tlog
c:\users\administrator\desktop\phi x100\programming\programming\mandelbrot\x64\release\mandelbrot\mandelbrot.tlog\icl-icc.8524-mcpcom.write.1.tlog
c:\users\administrator\desktop\phi x100\programming\programming\mandelbrot\x64\release\mandelbrot\mandelbrot.tlog\icl-icc.8524.read.1.tlog
c:\users\administrator\desktop\phi x100\programming\programming\mandelbrot\x64\release\mandelbrot\mandelbrot.tlog\icl-icc.8524.write.1.tlog
c:\users\administrator\desktop\phi x100\programming\programming\mandelbrot\x64\release\mandelbrot\mandelbrot.tlog\icl-icc.8612-k1om-mpss-linux-ld.read.1.tlog
c:\users\administrator\desktop\phi x100\programming\programming\mandelbrot\x64\release\mandelbrot\mandelbrot.tlog\icl-icc.8612-mcpcom.read.1.tlog
c:\users\administrator\desktop\phi x100\programming\programming\mandelbrot\x64\release\mandelbrot\mandelbrot.tlog\icl-icc.8612-mcpcom.write.1.tlog
c:\users\administrator\desktop\phi x100\programming\programming\mandelbrot\x64\release\mandelbrot\mandelbrot.tlog\icl-icc.8612.read.1.tlog
c:\users\administrator\desktop\phi x100\programming\programming\mandelbrot\x64\release\mandelbrot\mandelbrot.tlog\icl-icc.8612.write.1.tlog
c:\users\administrator\desktop\phi x100\programming\programming\mandelbrot\x64\release\mandelbrot\mandelbrot.tlog\icl-icc.8712-k1om-mpss-linux-ld.read.1.tlog
c:\users\administrator\desktop\phi x100\programming\programming\mandelbrot\x64\release\mandelbrot\mandelbrot.tlog\icl-icc.8712-mcpcom.read.1.tlog
c:\users\administrator\desktop\phi x100\programming\programming\mandelbrot\x64\release\mandelbrot\mandelbrot.tlog\icl-icc.8712-mcpcom.write.1.tlog
c:\users\administrator\desktop\phi x100\programming\programming\mandelbrot\x64\release\mandelbrot\mandelbrot.tlog\icl-icc.8712.read.1.tlog
c:\users\administrator\desktop\phi x100\programming\programming\mandelbrot\x64\release\mandelbrot\mandelbrot.tlog\icl-icc.8712.write.1.tlog
c:\users\administrator\desktop\phi x100\programming\programming\mandelbrot\x64\release\mandelbrot\mandelbrot.tlog\icl-icc.8716-k1om-mpss-linux-ld.read.1.tlog
c:\users\administrator\desktop\phi x100\programming\programming\mandelbrot\x64\release\mandelbrot\mandelbrot.tlog\icl-icc.8716-mcpcom.read.1.tlog
c:\users\administrator\desktop\phi x100\programming\programming\mandelbrot\x64\release\mandelbrot\mandelbrot.tlog\icl-icc.8716-mcpcom.write.1.tlog
c:\users\administrator\desktop\phi x100\programming\programming\mandelbrot\x64\release\mandelbrot\mandelbrot.tlog\icl-icc.8716.read.1.tlog
c:\users\administrator\desktop\phi x100\programming\programming\mandelbrot\x64\release\mandelbrot\mandelbrot.tlog\icl-icc.8716.write.1.tlog
c:\users\administrator\desktop\phi x100\programming\programming\mandelbrot\x64\release\mandelbrot\mandelbrot.tlog\icl-icc.8988-k1om-mpss-linux-ld.read.1.tlog
c:\users\administrator\desktop\phi x100\programming\programming\mandelbrot\x64\release\mandelbrot\mandelbrot.tlog\icl-icc.8988-mcpcom.read.1.tlog
c:\users\administrator\desktop\phi x100\programming\programming\mandelbrot\x64\release\mandelbrot\mandelbrot.tlog\icl-icc.8988-mcpcom.write.1.tlog
c:\users\administrator\desktop\phi x100\programming\programming\mandelbrot\x64\release\mandelbrot\mandelbrot.tlog\icl-icc.8988.read.1.tlog
c:\users\administrator\desktop\phi x100\programming\programming\mandelbrot\x64\release\mandelbrot\mandelbrot.tlog\icl-icc.8988.write.1.tlog
c:\users\administrator\desktop\phi x100\programming\programming\mandelbrot\x64\release\mandelbrot\mandelbrot.tlog\icl-icc.9040-k1om-mpss-linux-ld.read.1.tlog
c:\users\administrator\desktop\phi x100\programming\programming\mandelbrot\x64\release\mandelbrot\mandelbrot.tlog\icl-icc.9040-mcpcom.read.1.tlog
c:\users\administrator\desktop\phi x100\programming\programming\mandelbrot\x64\release\mandelbrot\mandelbrot.tlog\icl-icc.9040-mcpcom.write.1.tlog
c:\users\administrator\desktop\phi x100\programming\programming\mandelbrot\x64\release\mandelbrot\mandelbrot.tlog\icl-icc.9040.read.1.tlog
c:\users\administrator\desktop\phi x100\programming\programming\mandelbrot\x64\release\mandelbrot\mandelbrot.tlog\icl-icc.9040.write.1.tlog
c:\users\administrator\desktop\phi x100\programming\programming\mandelbrot\x64\release\mandelbrot\mandelbrot.tlog\icl-icc.9084-k1om-mpss-linux-ld.read.1.tlog
c:\users\administrator\desktop\phi x100\programming\programming\mandelbrot\x64\release\mandelbrot\mandelbrot.tlog\icl-icc.9084-mcpcom.read.1.tlog
c:\users\administrator\desktop\phi x100\programming\programming\mandelbrot\x64\release\mandelbrot\mandelbrot.tlog\icl-icc.9084-mcpcom.write.1.tlog
c:\users\administrator\desktop\phi x100\programming\programming\mandelbrot\x64\release\mandelbrot\mandelbrot.tlog\icl-icc.9084.read.1.tlog
c:\users\administrator\desktop\phi x100\programming\programming\mandelbrot\x64\release\mandelbrot\mandelbrot.tlog\icl-icc.9084.write.1.tlog
c:\users\administrator\desktop\phi x100\programming\programming\mandelbrot\x64\release\mandelbrot\mandelbrot.tlog\icl-icc.9196-k1om-mpss-linux-ld.read.1.tlog
c:\users\administrator\desktop\phi x100\programming\programming\mandelbrot\x64\release\mandelbrot\mandelbrot.tlog\icl-icc.9196-mcpcom.read.1.tlog
c:\users\administrator\desktop\phi x100\programming\programming\mandelbrot\x64\release\mandelbrot\mandelbrot.tlog\icl-icc.9196-mcpcom.write.1.tlog
c:\users\administrator\desktop\phi x100\programming\programming\mandelbrot\x64\release\mandelbrot\mandelbrot.tlog\icl-icc.9196.read.1.tlog
c:\users\administrator\desktop\phi x100\programming\programming\mandelbrot\x64\release\mandelbrot\mandelbrot.tlog\icl-icc.9196.write.1.tlog
c:\users\administrator\desktop\phi x100\programming\programming\mandelbrot\x64\release\mandelbrot\mandelbrot.tlog\icl-icc.9232-k1om-mpss-linux-ld.read.1.tlog
c:\users\administrator\desktop\phi x100\programming\programming\mandelbrot\x64\release\mandelbrot\mandelbrot.tlog\icl-icc.9232-mcpcom.read.1.tlog
c:\users\administrator\desktop\phi x100\programming\programming\mandelbrot\x64\release\mandelbrot\mandelbrot.tlog\icl-icc.9232-mcpcom.write.1.tlog
c:\users\administrator\desktop\phi x100\programming\programming\mandelbrot\x64\release\mandelbrot\mandelbrot.tlog\icl-icc.9232.read.1.tlog
c:\users\administrator\desktop\phi x100\programming\programming\mandelbrot\x64\release\mandelbrot\mandelbrot.tlog\icl-icc.9232.write.1.tlog
c:\users\administrator\desktop\phi x100\programming\programming\mandelbrot\x64\release\mandelbrot\mandelbrot.tlog\icl-icc.9628-k1om-mpss-linux-ld.read.1.tlog
c:\users\administrator\desktop\phi x100\programming\programming\mandelbrot\x64\release\mandelbrot\mandelbrot.tlog\icl-icc.9628-mcpcom.read.1.tlog
c:\users\administrator\desktop\phi x100\programming\programming\mandelbrot\x64\release\mandelbrot\mandelbrot.tlog\icl-icc.9628-mcpcom.write.1.tlog
c:\users\administrator\desktop\phi x100\programming\programming\mandelbrot\x64\release\mandelbrot\mandelbrot.tlog\icl-icc.9628.read.1.tlog
c:\users\administrator\desktop\phi x100\programming\programming\mandelbrot\x64\release\mandelbrot\mandelbrot.tlog\icl-icc.9628.write.1.tlog
c:\users\administrator\desktop\phi x100\programming\programming\mandelbrot\x64\release\mandelbrot\mandelbrot.tlog\icl-icc.9732-k1om-mpss-linux-ld.read.1.tlog
c:\users\administrator\desktop\phi x100\programming\programming\mandelbrot\x64\release\mandelbrot\mandelbrot.tlog\icl-icc.9732-mcpcom.read.1.tlog
c:\users\administrator\desktop\phi x100\programming\programming\mandelbrot\x64\release\mandelbrot\mandelbrot.tlog\icl-icc.9732-mcpcom.write.1.tlog
c:\users\administrator\desktop\phi x100\programming\programming\mandelbrot\x64\release\mandelbrot\mandelbrot.tlog\icl-icc.9732.read.1.tlog
c:\users\administrator\desktop\phi x100\programming\programming\mandelbrot\x64\release\mandelbrot\mandelbrot.tlog\icl-icc.9732.write.1.tlog
c:\users\administrator\desktop\phi x100\programming\programming\mandelbrot\x64\release\mandelbrot\mandelbrot.tlog\icl-icc.9796-k1om-mpss-linux-ld.read.1.tlog
c:\users\administrator\desktop\phi x100\programming\programming\mandelbrot\x64\release\mandelbrot\mandelbrot.tlog\icl-icc.9796-mcpcom.read.1.tlog
c:\users\administrator\desktop\phi x100\programming\programming\mandelbrot\x64\release\mandelbrot\mandelbrot.tlog\icl-icc.9796-mcpcom.write.1.tlog
c:\users\administrator\desktop\phi x100\programming\programming\mandelbrot\x64\release\mandelbrot\mandelbrot.tlog\icl-icc.9796.read.1.tlog
c:\users\administrator\desktop\phi x100\programming\programming\mandelbrot\x64\release\mandelbrot\mandelbrot.tlog\icl-icc.9796.write.1.tlog
c:\users\administrator\desktop\phi x100\programming\programming\mandelbrot\x64\release\mandelbrot\mandelbrot.tlog\icl-icc.9892-k1om-mpss-linux-ld.read.1.tlog
c:\users\administrator\desktop\phi x100\programming\programming\mandelbrot\x64\release\mandelbrot\mandelbrot.tlog\icl-icc.9892-mcpcom.read.1.tlog
c:\users\administrator\desktop\phi x100\programming\programming\mandelbrot\x64\release\mandelbrot\mandelbrot.tlog\icl-icc.9892-mcpcom.write.1.tlog
c:\users\administrator\desktop\phi x100\programming\programming\mandelbrot\x64\release\mandelbrot\mandelbrot.tlog\icl-icc.9892.read.1.tlog
c:\users\administrator\desktop\phi x100\programming\programming\mandelbrot\x64\release\mandelbrot\mandelbrot.tlog\icl-icc.9892.write.1.tlog
c:\users\administrator\desktop\phi x100\programming\programming\mandelbrot\x64\release\mandelbrot\mandelbrot.tlog\icl-icc.9916-k1om-mpss-linux-ld.read.1.tlog
c:\users\administrator\desktop\phi x100\programming\programming\mandelbrot\x64\release\mandelbrot\mandelbrot.tlog\icl-icc.9916-mcpcom.read.1.tlog
c:\users\administrator\desktop\phi x100\programming\programming\mandelbrot\x64\release\mandelbrot\mandelbrot.tlog\icl-icc.9916-mcpcom.write.1.tlog
c:\users\administrator\desktop\phi x100\programming\programming\mandelbrot\x64\release\mandelbrot\mandelbrot.tlog\icl-icc.9916.read.1.tlog
c:\users\administrator\desktop\phi x100\programming\programming\mandelbrot\x64\release\mandelbrot\mandelbrot.tlog\icl-icc.9916.write.1.tlog
c:\users\administrator\desktop\phi x100\programming\programming\mandelbrot\x64\release\mandelbrot\mandelbrot.tlog\icl-icc.read.1.tlog
c:\users\administrator\desktop\phi x100\programming\programming\mandelbrot\x64\release\mandelbrot\mandelbrot.tlog\icl-icc.write.1.tlog
c:\users\administrator\desktop\phi x100\programming\programming\mandelbrot\x64\release\mandelbrot\mandelbrot.tlog\icl-mcpcom.read.1.tlog
c:\users\administrator\desktop\phi x100\programming\programming\mandelbrot\x64\release\mandelbrot\mandelbrot.tlog\icl-mcpcom.write.1.tlog
c:\users\administrator\desktop\phi x100\programming\programming\mandelbrot\x64\release\mandelbrot\mandelbrot.tlog\icl.command.1.tlog
c:\users\administrator\desktop\phi x100\programming\programming\mandelbrot\x64\release\mandelbrot\mandelbrot.tlog\icl.read.1.tlog
c:\users\administrator\desktop\phi x100\programming\programming\mandelbrot\x64\release\mandelbrot\mandelbrot.tlog\icl.write.1.tlog
c:\users\administrator\desktop\phi x100\programming\programming\mandelbrot\x64\release\mandelbrot\mandelbrot.tlog\xilink-icc-k1om-mpss-linux-ld.10040.read.1.tlog
c:\users\administrator\desktop\phi x100\programming\programming\mandelbrot\x64\release\mandelbrot\mandelbrot.tlog\xilink-icc-k1om-mpss-linux-ld.10040.write.1.tlog
c:\users\administrator\desktop\phi x100\programming\programming\mandelbrot\x64\release\mandelbrot\mandelbrot.tlog\xilink-icc-k1om-mpss-linux-ld.10380.read.1.tlog
c:\users\administrator\desktop\phi x100\programming\programming\mandelbrot\x64\release\mandelbrot\mandelbrot.tlog\xilink-icc-k1om-mpss-linux-ld.10380.write.1.tlog
c:\users\administrator\desktop\phi x100\programming\programming\mandelbrot\x64\release\mandelbrot\mandelbrot.tlog\xilink-icc-k1om-mpss-linux-ld.10396.read.1.tlog
c:\users\administrator\desktop\phi x100\programming\programming\mandelbrot\x64\release\mandelbrot\mandelbrot.tlog\xilink-icc-k1om-mpss-linux-ld.10396.write.1.tlog
c:\users\administrator\desktop\phi x100\programming\programming\mandelbrot\x64\release\mandelbrot\mandelbrot.tlog\xilink-icc-k1om-mpss-linux-ld.10520.read.1.tlog
c:\users\administrator\desktop\phi x100\programming\programming\mandelbrot\x64\release\mandelbrot\mandelbrot.tlog\xilink-icc-k1om-mpss-linux-ld.10520.write.1.tlog
c:\users\administrator\desktop\phi x100\programming\programming\mandelbrot\x64\release\mandelbrot\mandelbrot.tlog\xilink-icc-k1om-mpss-linux-ld.10540.read.1.tlog
c:\users\administrator\desktop\phi x100\programming\programming\mandelbrot\x64\release\mandelbrot\mandelbrot.tlog\xilink-icc-k1om-mpss-linux-ld.10540.write.1.tlog
c:\users\administrator\desktop\phi x100\programming\programming\mandelbrot\x64\release\mandelbrot\mandelbrot.tlog\xilink-icc-k1om-mpss-linux-ld.10552.read.1.tlog
c:\users\administrator\desktop\phi x100\programming\programming\mandelbrot\x64\release\mandelbrot\mandelbrot.tlog\xilink-icc-k1om-mpss-linux-ld.10552.write.1.tlog
c:\users\administrator\desktop\phi x100\programming\programming\mandelbrot\x64\release\mandelbrot\mandelbrot.tlog\xilink-icc-k1om-mpss-linux-ld.10592.read.1.tlog
c:\users\administrator\desktop\phi x100\programming\programming\mandelbrot\x64\release\mandelbrot\mandelbrot.tlog\xilink-icc-k1om-mpss-linux-ld.10592.write.1.tlog
c:\users\administrator\desktop\phi x100\programming\programming\mandelbrot\x64\release\mandelbrot\mandelbrot.tlog\xilink-icc-k1om-mpss-linux-ld.10652.read.1.tlog
c:\users\administrator\desktop\phi x100\programming\programming\mandelbrot\x64\release\mandelbrot\mandelbrot.tlog\xilink-icc-k1om-mpss-linux-ld.10652.write.1.tlog
c:\users\administrator\desktop\phi x100\programming\programming\mandelbrot\x64\release\mandelbrot\mandelbrot.tlog\xilink-icc-k1om-mpss-linux-ld.10688.read.1.tlog
c:\users\administrator\desktop\phi x100\programming\programming\mandelbrot\x64\release\mandelbrot\mandelbrot.tlog\xilink-icc-k1om-mpss-linux-ld.10688.write.1.tlog
c:\users\administrator\desktop\phi x100\programming\programming\mandelbrot\x64\release\mandelbrot\mandelbrot.tlog\xilink-icc-k1om-mpss-linux-ld.10716.read.1.tlog
c:\users\administrator\desktop\phi x100\programming\programming\mandelbrot\x64\release\mandelbrot\mandelbrot.tlog\xilink-icc-k1om-mpss-linux-ld.10716.write.1.tlog
c:\users\administrator\desktop\phi x100\programming\programming\mandelbrot\x64\release\mandelbrot\mandelbrot.tlog\xilink-icc-k1om-mpss-linux-ld.10860.read.1.tlog
c:\users\administrator\desktop\phi x100\programming\programming\mandelbrot\x64\release\mandelbrot\mandelbrot.tlog\xilink-icc-k1om-mpss-linux-ld.10860.write.1.tlog
c:\users\administrator\desktop\phi x100\programming\programming\mandelbrot\x64\release\mandelbrot\mandelbrot.tlog\xilink-icc-k1om-mpss-linux-ld.10996.read.1.tlog
c:\users\administrator\desktop\phi x100\programming\programming\mandelbrot\x64\release\mandelbrot\mandelbrot.tlog\xilink-icc-k1om-mpss-linux-ld.10996.write.1.tlog
c:\users\administrator\desktop\phi x100\programming\programming\mandelbrot\x64\release\mandelbrot\mandelbrot.tlog\xilink-icc-k1om-mpss-linux-ld.11004.read.1.tlog
c:\users\administrator\desktop\phi x100\programming\programming\mandelbrot\x64\release\mandelbrot\mandelbrot.tlog\xilink-icc-k1om-mpss-linux-ld.11004.write.1.tlog
c:\users\administrator\desktop\phi x100\programming\programming\mandelbrot\x64\release\mandelbrot\mandelbrot.tlog\xilink-icc-k1om-mpss-linux-ld.11208.read.1.tlog
c:\users\administrator\desktop\phi x100\programming\programming\mandelbrot\x64\release\mandelbrot\mandelbrot.tlog\xilink-icc-k1om-mpss-linux-ld.11208.write.1.tlog
c:\users\administrator\desktop\phi x100\programming\programming\mandelbrot\x64\release\mandelbrot\mandelbrot.tlog\xilink-icc-k1om-mpss-linux-ld.3028.read.1.tlog
c:\users\administrator\desktop\phi x100\programming\programming\mandelbrot\x64\release\mandelbrot\mandelbrot.tlog\xilink-icc-k1om-mpss-linux-ld.3028.write.1.tlog
c:\users\administrator\desktop\phi x100\programming\programming\mandelbrot\x64\release\mandelbrot\mandelbrot.tlog\xilink-icc-k1om-mpss-linux-ld.3284.read.1.tlog
c:\users\administrator\desktop\phi x100\programming\programming\mandelbrot\x64\release\mandelbrot\mandelbrot.tlog\xilink-icc-k1om-mpss-linux-ld.3284.write.1.tlog
c:\users\administrator\desktop\phi x100\programming\programming\mandelbrot\x64\release\mandelbrot\mandelbrot.tlog\xilink-icc-k1om-mpss-linux-ld.3472.read.1.tlog
c:\users\administrator\desktop\phi x100\programming\programming\mandelbrot\x64\release\mandelbrot\mandelbrot.tlog\xilink-icc-k1om-mpss-linux-ld.3472.write.1.tlog
c:\users\administrator\desktop\phi x100\programming\programming\mandelbrot\x64\release\mandelbrot\mandelbrot.tlog\xilink-icc-k1om-mpss-linux-ld.3612.read.1.tlog
c:\users\administrator\desktop\phi x100\programming\programming\mandelbrot\x64\release\mandelbrot\mandelbrot.tlog\xilink-icc-k1om-mpss-linux-ld.3612.write.1.tlog
c:\users\administrator\desktop\phi x100\programming\programming\mandelbrot\x64\release\mandelbrot\mandelbrot.tlog\xilink-icc-k1om-mpss-linux-ld.4052.read.1.tlog
c:\users\administrator\desktop\phi x100\programming\programming\mandelbrot\x64\release\mandelbrot\mandelbrot.tlog\xilink-icc-k1om-mpss-linux-ld.4052.write.1.tlog
c:\users\administrator\desktop\phi x100\programming\programming\mandelbrot\x64\release\mandelbrot\mandelbrot.tlog\xilink-icc-k1om-mpss-linux-ld.4764.read.1.tlog
c:\users\administrator\desktop\phi x100\programming\programming\mandelbrot\x64\release\mandelbrot\mandelbrot.tlog\xilink-icc-k1om-mpss-linux-ld.4764.write.1.tlog
c:\users\administrator\desktop\phi x100\programming\programming\mandelbrot\x64\release\mandelbrot\mandelbrot.tlog\xilink-icc-k1om-mpss-linux-ld.5056.read.1.tlog
c:\users\administrator\desktop\phi x100\programming\programming\mandelbrot\x64\release\mandelbrot\mandelbrot.tlog\xilink-icc-k1om-mpss-linux-ld.5056.write.1.tlog
c:\users\administrator\desktop\phi x100\programming\programming\mandelbrot\x64\release\mandelbrot\mandelbrot.tlog\xilink-icc-k1om-mpss-linux-ld.5176.read.1.tlog
c:\users\administrator\desktop\phi x100\programming\programming\mandelbrot\x64\release\mandelbrot\mandelbrot.tlog\xilink-icc-k1om-mpss-linux-ld.5176.write.1.tlog
c:\users\administrator\desktop\phi x100\programming\programming\mandelbrot\x64\release\mandelbrot\mandelbrot.tlog\xilink-icc-k1om-mpss-linux-ld.5504.read.1.tlog
c:\users\administrator\desktop\phi x100\programming\programming\mandelbrot\x64\release\mandelbrot\mandelbrot.tlog\xilink-icc-k1om-mpss-linux-ld.5504.write.1.tlog
c:\users\administrator\desktop\phi x100\programming\programming\mandelbrot\x64\release\mandelbrot\mandelbrot.tlog\xilink-icc-k1om-mpss-linux-ld.6176.read.1.tlog
c:\users\administrator\desktop\phi x100\programming\programming\mandelbrot\x64\release\mandelbrot\mandelbrot.tlog\xilink-icc-k1om-mpss-linux-ld.6176.write.1.tlog
c:\users\administrator\desktop\phi x100\programming\programming\mandelbrot\x64\release\mandelbrot\mandelbrot.tlog\xilink-icc-k1om-mpss-linux-ld.6428.read.1.tlog
c:\users\administrator\desktop\phi x100\programming\programming\mandelbrot\x64\release\mandelbrot\mandelbrot.tlog\xilink-icc-k1om-mpss-linux-ld.6428.write.1.tlog
c:\users\administrator\desktop\phi x100\programming\programming\mandelbrot\x64\release\mandelbrot\mandelbrot.tlog\xilink-icc-k1om-mpss-linux-ld.6740.read.1.tlog
c:\users\administrator\desktop\phi x100\programming\programming\mandelbrot\x64\release\mandelbrot\mandelbrot.tlog\xilink-icc-k1om-mpss-linux-ld.6740.write.1.tlog
c:\users\administrator\desktop\phi x100\programming\programming\mandelbrot\x64\release\mandelbrot\mandelbrot.tlog\xilink-icc-k1om-mpss-linux-ld.7132.read.1.tlog
c:\users\administrator\desktop\phi x100\programming\programming\mandelbrot\x64\release\mandelbrot\mandelbrot.tlog\xilink-icc-k1om-mpss-linux-ld.7132.write.1.tlog
c:\users\administrator\desktop\phi x100\programming\programming\mandelbrot\x64\release\mandelbrot\mandelbrot.tlog\xilink-icc-k1om-mpss-linux-ld.7140.read.1.tlog
c:\users\administrator\desktop\phi x100\programming\programming\mandelbrot\x64\release\mandelbrot\mandelbrot.tlog\xilink-icc-k1om-mpss-linux-ld.7140.write.1.tlog
c:\users\administrator\desktop\phi x100\programming\programming\mandelbrot\x64\release\mandelbrot\mandelbrot.tlog\xilink-icc-k1om-mpss-linux-ld.7260.read.1.tlog
c:\users\administrator\desktop\phi x100\programming\programming\mandelbrot\x64\release\mandelbrot\mandelbrot.tlog\xilink-icc-k1om-mpss-linux-ld.7260.write.1.tlog
c:\users\administrator\desktop\phi x100\programming\programming\mandelbrot\x64\release\mandelbrot\mandelbrot.tlog\xilink-icc-k1om-mpss-linux-ld.7532.read.1.tlog
c:\users\administrator\desktop\phi x100\programming\programming\mandelbrot\x64\release\mandelbrot\mandelbrot.tlog\xilink-icc-k1om-mpss-linux-ld.7532.write.1.tlog
c:\users\administrator\desktop\phi x100\programming\programming\mandelbrot\x64\release\mandelbrot\mandelbrot.tlog\xilink-icc-k1om-mpss-linux-ld.7684.read.1.tlog
c:\users\administrator\desktop\phi x100\programming\programming\mandelbrot\x64\release\mandelbrot\mandelbrot.tlog\xilink-icc-k1om-mpss-linux-ld.7684.write.1.tlog
c:\users\administrator\desktop\phi x100\programming\programming\mandelbrot\x64\release\mandelbrot\mandelbrot.tlog\xilink-icc-k1om-mpss-linux-ld.7836.read.1.tlog
c:\users\administrator\desktop\phi x100\programming\programming\mandelbrot\x64\release\mandelbrot\mandelbrot.tlog\xilink-icc-k1om-mpss-linux-ld.7836.write.1.tlog
c:\users\administrator\desktop\phi x100\programming\programming\mandelbrot\x64\release\mandelbrot\mandelbrot.tlog\xilink-icc-k1om-mpss-linux-ld.7924.read.1.tlog
c:\users\administrator\desktop\phi x100\programming\programming\mandelbrot\x64\release\mandelbrot\mandelbrot.tlog\xilink-icc-k1om-mpss-linux-ld.7924.write.1.tlog
c:\users\administrator\desktop\phi x100\programming\programming\mandelbrot\x64\release\mandelbrot\mandelbrot.tlog\xilink-icc-k1om-mpss-linux-ld.808.read.1.tlog
c:\users\administrator\desktop\phi x100\programming\programming\mandelbrot\x64\release\mandelbrot\mandelbrot.tlog\xilink-icc-k1om-mpss-linux-ld.808.write.1.tlog
c:\users\administrator\desktop\phi x100\programming\programming\mandelbrot\x64\release\mandelbrot\mandelbrot.tlog\xilink-icc-k1om-mpss-linux-ld.8132.read.1.tlog
c:\users\administrator\desktop\phi x100\programming\programming\mandelbrot\x64\release\mandelbrot\mandelbrot.tlog\xilink-icc-k1om-mpss-linux-ld.8132.write.1.tlog
c:\users\administrator\desktop\phi x100\programming\programming\mandelbrot\x64\release\mandelbrot\mandelbrot.tlog\xilink-icc-k1om-mpss-linux-ld.8324.read.1.tlog
c:\users\administrator\desktop\phi x100\programming\programming\mandelbrot\x64\release\mandelbrot\mandelbrot.tlog\xilink-icc-k1om-mpss-linux-ld.8324.write.1.tlog
c:\users\administrator\desktop\phi x100\programming\programming\mandelbrot\x64\release\mandelbrot\mandelbrot.tlog\xilink-icc-k1om-mpss-linux-ld.8388.read.1.tlog
c:\users\administrator\desktop\phi x100\programming\programming\mandelbrot\x64\release\mandelbrot\mandelbrot.tlog\xilink-icc-k1om-mpss-linux-ld.8388.write.1.tlog
c:\users\administrator\desktop\phi x100\programming\programming\mandelbrot\x64\release\mandelbrot\mandelbrot.tlog\xilink-icc-k1om-mpss-linux-ld.8644.read.1.tlog
c:\users\administrator\desktop\phi x100\programming\programming\mandelbrot\x64\release\mandelbrot\mandelbrot.tlog\xilink-icc-k1om-mpss-linux-ld.8644.write.1.tlog
c:\users\administrator\desktop\phi x100\programming\programming\mandelbrot\x64\release\mandelbrot\mandelbrot.tlog\xilink-icc-k1om-mpss-linux-ld.8836.read.1.tlog
c:\users\administrator\desktop\phi x100\programming\programming\mandelbrot\x64\release\mandelbrot\mandelbrot.tlog\xilink-icc-k1om-mpss-linux-ld.8836.write.1.tlog
c:\users\administrator\desktop\phi x100\programming\programming\mandelbrot\x64\release\mandelbrot\mandelbrot.tlog\xilink-icc-k1om-mpss-linux-ld.8936.read.1.tlog
c:\users\administrator\desktop\phi x100\programming\programming\mandelbrot\x64\release\mandelbrot\mandelbrot.tlog\xilink-icc-k1om-mpss-linux-ld.8936.write.1.tlog
c:\users\administrator\desktop\phi x100\programming\programming\mandelbrot\x64\release\mandelbrot\mandelbrot.tlog\xilink-icc-k1om-mpss-linux-ld.8988.read.1.tlog
c:\users\administrator\desktop\phi x100\programming\programming\mandelbrot\x64\release\mandelbrot\mandelbrot.tlog\xilink-icc-k1om-mpss-linux-ld.8988.write.1.tlog
c:\users\administrator\desktop\phi x100\programming\programming\mandelbrot\x64\release\mandelbrot\mandelbrot.tlog\xilink-icc-k1om-mpss-linux-ld.9120.read.1.tlog
c:\users\administrator\desktop\phi x100\programming\programming\mandelbrot\x64\release\mandelbrot\mandelbrot.tlog\xilink-icc-k1om-mpss-linux-ld.9120.write.1.tlog
c:\users\administrator\desktop\phi x100\programming\programming\mandelbrot\x64\release\mandelbrot\mandelbrot.tlog\xilink-icc-k1om-mpss-linux-ld.9212.read.1.tlog
c:\users\administrator\desktop\phi x100\programming\programming\mandelbrot\x64\release\mandelbrot\mandelbrot.tlog\xilink-icc-k1om-mpss-linux-ld.9212.write.1.tlog
c:\users\administrator\desktop\phi x100\programming\programming\mandelbrot\x64\release\mandelbrot\mandelbrot.tlog\xilink-icc-k1om-mpss-linux-ld.9260.read.1.tlog
c:\users\administrator\desktop\phi x100\programming\programming\mandelbrot\x64\release\mandelbrot\mandelbrot.tlog\xilink-icc-k1om-mpss-linux-ld.9260.write.1.tlog
c:\users\administrator\desktop\phi x100\programming\programming\mandelbrot\x64\release\mandelbrot\mandelbrot.tlog\xilink-icc-k1om-mpss-linux-ld.9324.read.1.tlog
c:\users\administrator\desktop\phi x100\programming\programming\mandelbrot\x64\release\mandelbrot\mandelbrot.tlog\xilink-icc-k1om-mpss-linux-ld.9324.write.1.tlog
c:\users\administrator\desktop\phi x100\programming\programming\mandelbrot\x64\release\mandelbrot\mandelbrot.tlog\xilink-icc-k1om-mpss-linux-ld.9528.read.1.tlog
c:\users\administrator\desktop\phi x100\programming\programming\mandelbrot\x64\release\mandelbrot\mandelbrot.tlog\xilink-icc-k1om-mpss-linux-ld.9528.write.1.tlog
c:\users\administrator\desktop\phi x100\programming\programming\mandelbrot\x64\release\mandelbrot\mandelbrot.tlog\xilink-icc-k1om-mpss-linux-ld.9560.read.1.tlog
c:\users\administrator\desktop\phi x100\programming\programming\mandelbrot\x64\release\mandelbrot\mandelbrot.tlog\xilink-icc-k1om-mpss-linux-ld.9560.write.1.tlog
c:\users\administrator\desktop\phi x100\programming\programming\mandelbrot\x64\release\mandelbrot\mandelbrot.tlog\xilink-icc-k1om-mpss-linux-ld.9676.read.1.tlog
c:\users\administrator\desktop\phi x100\programming\programming\mandelbrot\x64\release\mandelbrot\mandelbrot.tlog\xilink-icc-k1om-mpss-linux-ld.9676.write.1.tlog
c:\users\administrator\desktop\phi x100\programming\programming\mandelbrot\x64\release\mandelbrot\mandelbrot.tlog\xilink-icc-k1om-mpss-linux-ld.9724.read.1.tlog
c:\users\administrator\desktop\phi x100\programming\programming\mandelbrot\x64\release\mandelbrot\mandelbrot.tlog\xilink-icc-k1om-mpss-linux-ld.9724.write.1.tlog
c:\users\administrator\desktop\phi x100\programming\programming\mandelbrot\x64\release\mandelbrot\mandelbrot.tlog\xilink-icc-k1om-mpss-linux-ld.9732.read.1.tlog
c:\users\administrator\desktop\phi x100\programming\programming\mandelbrot\x64\release\mandelbrot\mandelbrot.tlog\xilink-icc-k1om-mpss-linux-ld.9732.write.1.tlog
c:\users\administrator\desktop\phi x100\programming\programming\mandelbrot\x64\release\mandelbrot\mandelbrot.tlog\xilink-icc-k1om-mpss-linux-ld.9816.read.1.tlog
c:\users\administrator\desktop\phi x100\programming\programming\mandelbrot\x64\release\mandelbrot\mandelbrot.tlog\xilink-icc-k1om-mpss-linux-ld.9816.write.1.tlog
c:\users\administrator\desktop\phi x100\programming\programming\mandelbrot\x64\release\mandelbrot\mandelbrot.tlog\xilink-icc-k1om-mpss-linux-ld.9872.read.1.tlog
c:\users\administrator\desktop\phi x100\programming\programming\mandelbrot\x64\release\mandelbrot\mandelbrot.tlog\xilink-icc-k1om-mpss-linux-ld.9872.write.1.tlog
c:\users\administrator\desktop\phi x100\programming\programming\mandelbrot\x64\release\mandelbrot\mandelbrot.tlog\xilink-icc-k1om-mpss-linux-ld.9952.read.1.tlog
c:\users\administrator\desktop\phi x100\programming\programming\mandelbrot\x64\release\mandelbrot\mandelbrot.tlog\xilink-icc-k1om-mpss-linux-ld.9952.write.1.tlog
c:\users\administrator\desktop\phi x100\programming\programming\mandelbrot\x64\release\mandelbrot\mandelbrot.tlog\xilink-icc-k1om-mpss-linux-ld.read.1.tlog
c:\users\administrator\desktop\phi x100\programming\programming\mandelbrot\x64\release\mandelbrot\mandelbrot.tlog\xilink-icc-mcpcom.read.1.tlog
c:\users\administrator\desktop\phi x100\programming\programming\mandelbrot\x64\release\mandelbrot\mandelbrot.tlog\xilink-icc-mcpcom.write.1.tlog
c:\users\administrator\desktop\phi x100\programming\programming\mandelbrot\x64\release\mandelbrot\mandelbrot.tlog\xilink-icc.read.1.tlog
c:\users\administrator\desktop\phi x100\programming\programming\mandelbrot\x64\release\mandelbrot\mandelbrot.tlog\xilink-icc.write.1.tlog
c:\users\administrator\desktop\phi x100\programming\programming\mandelbrot\x64\release\mandelbrot\mandelbrot.tlog\xilink-link-cvtres.read.1.tlog
c:\users\administrator\desktop\phi x100\programming\programming\mandelbrot\x64\release\mandelbrot\mandelbrot.tlog\xilink-link-cvtres.write.1.tlog
c:\users\administrator\desktop\phi x100\programming\programming\mandelbrot\x64\release\mandelbrot\mandelbrot.tlog\xilink-link-rc.read.1.tlog
c:\users\administrator\desktop\phi x100\programming\programming\mandelbrot\x64\release\mandelbrot\mandelbrot.tlog\xilink-link-rc.write.1.tlog
c:\users\administrator\desktop\phi x100\programming\programming\mandelbrot\x64\release\mandelbrot\mandelbrot.tlog\xilink-link.read.1.tlog
c:\users\administrator\desktop\phi x100\programming\programming\mandelbrot\x64\release\mandelbrot\mandelbrot.tlog\xilink-link.write.1.tlog
c:\users\administrator\desktop\phi x100\programming\programming\mandelbrot\x64\release\mandelbrot\mandelbrot.tlog\xilink-mcpcom.read.1.tlog
c:\users\administrator\desktop\phi x100\programming\programming\mandelbrot\x64\release\mandelbrot\mandelbrot.tlog\xilink-mcpcom.write.1.tlog
c:\users\administrator\desktop\phi x100\programming\programming\mandelbrot\x64\release\mandelbrot\mandelbrot.tlog\xilink.command.1.tlog
c:\users\administrator\desktop\phi x100\programming\programming\mandelbrot\x64\release\mandelbrot\mandelbrot.tlog\xilink.read.1.tlog
c:\users\administrator\desktop\phi x100\programming\programming\mandelbrot\x64\release\mandelbrot\mandelbrot.tlog\xilink.write.1.tlog
