c:\users\administrator\desktop\phi x100\programming\programming\gameoflofe\x64\release\gameoflofe\main.obj
c:\users\admini~1\appdata\local\temp\2\lnk{5e227f21-32e5-48d5-bc25-e8c7dee07624}.tmp
c:\users\administrator\desktop\phi x100\programming\programming\build\gameoflofe\x64\release\x86_64\gameoflofe.exe
c:\users\administrator\desktop\phi x100\programming\programming\build\gameoflofe\x64\release\x86_64\gameoflofe.pdb
c:\users\administrator\desktop\phi x100\programming\programming\gameoflofe\x64\release\gameoflofe\gameoflofe.tlog\icl-mcpcom.read.1.tlog
c:\users\administrator\desktop\phi x100\programming\programming\gameoflofe\x64\release\gameoflofe\gameoflofe.tlog\icl-mcpcom.write.1.tlog
c:\users\administrator\desktop\phi x100\programming\programming\gameoflofe\x64\release\gameoflofe\gameoflofe.tlog\icl.command.1.tlog
c:\users\administrator\desktop\phi x100\programming\programming\gameoflofe\x64\release\gameoflofe\gameoflofe.tlog\icl.read.1.tlog
c:\users\administrator\desktop\phi x100\programming\programming\gameoflofe\x64\release\gameoflofe\gameoflofe.tlog\icl.write.1.tlog
c:\users\administrator\desktop\phi x100\programming\programming\gameoflofe\x64\release\gameoflofe\gameoflofe.tlog\xilink-link-cvtres.read.1.tlog
c:\users\administrator\desktop\phi x100\programming\programming\gameoflofe\x64\release\gameoflofe\gameoflofe.tlog\xilink-link-cvtres.write.1.tlog
c:\users\administrator\desktop\phi x100\programming\programming\gameoflofe\x64\release\gameoflofe\gameoflofe.tlog\xilink-link-rc.read.1.tlog
c:\users\administrator\desktop\phi x100\programming\programming\gameoflofe\x64\release\gameoflofe\gameoflofe.tlog\xilink-link-rc.write.1.tlog
c:\users\administrator\desktop\phi x100\programming\programming\gameoflofe\x64\release\gameoflofe\gameoflofe.tlog\xilink-link.read.1.tlog
c:\users\administrator\desktop\phi x100\programming\programming\gameoflofe\x64\release\gameoflofe\gameoflofe.tlog\xilink-link.write.1.tlog
c:\users\administrator\desktop\phi x100\programming\programming\gameoflofe\x64\release\gameoflofe\gameoflofe.tlog\xilink-mcpcom.read.1.tlog
c:\users\administrator\desktop\phi x100\programming\programming\gameoflofe\x64\release\gameoflofe\gameoflofe.tlog\xilink-mcpcom.write.1.tlog
c:\users\administrator\desktop\phi x100\programming\programming\gameoflofe\x64\release\gameoflofe\gameoflofe.tlog\xilink.command.1.tlog
c:\users\administrator\desktop\phi x100\programming\programming\gameoflofe\x64\release\gameoflofe\gameoflofe.tlog\xilink.read.1.tlog
c:\users\administrator\desktop\phi x100\programming\programming\gameoflofe\x64\release\gameoflofe\gameoflofe.tlog\xilink.write.1.tlog
